<?xml version="1.0" encoding="utf-8"?>
<log version="1.0" tool="runtool">

<msg id="1" tool="runtool">
  <type>log-start</type>
  <arg>2019/09/27 02:56:36</arg>
</msg>
<msg id="2" tool="runtool">
  <type>collector-starts</type>
</msg>
<msg id="3" tool="runtool">
  <type>marker-file</type>
  <arg>D:\GitHub\MyOpenCL\Visual studio 2019 project\MyOpenCL\My Inspector Results - MyOpenCL\r001mi2\r001mi2.inspxe</arg>
</msg>
<msg id="4" tool="mc">
  <type>EXEC_OF_INTEREST</type>
  <arg>d:\github\myopencl\visual studio 2019 project\debug\myopencl.exe</arg>
  <arg>6816</arg>
  <severity>INFO</severity>
  <timestamp>Fri Sep 27 02:56:36 2019</timestamp>
</msg>
<msg id="5" tool="mc">
  <type>MODULE_LOAD</type>
  <arg>d:\github\myopencl\visual studio 2019 project\debug\myopencl.exe</arg>
  <arg>0x1b0000</arg>
  <arg>0x1dafff</arg>
  <severity>INFO</severity>
  <timestamp>Fri Sep 27 02:56:36 2019</timestamp>
</msg>
<msg id="6" tool="mc">
  <type>MODULE_LOAD</type>
  <arg>c:\windows\syswow64\kernelbase.dll</arg>
  <arg>0x75280000</arg>
  <arg>0x7547bfff</arg>
  <severity>INFO</severity>
  <timestamp>Fri Sep 27 02:56:36 2019</timestamp>
</msg>
<msg id="7" tool="mc">
  <type>MODULE_LOAD</type>
  <arg>c:\windows\syswow64\kernel32.dll</arg>
  <arg>0x76570000</arg>
  <arg>0x7664ffff</arg>
  <severity>INFO</severity>
  <timestamp>Fri Sep 27 02:56:36 2019</timestamp>
</msg>
<msg id="8" tool="mc">
  <type>MODULE_LOAD</type>
  <arg>c:\windows\syswow64\ntdll.dll</arg>
  <arg>0x76f40000</arg>
  <arg>0x770d9fff</arg>
  <severity>INFO</severity>
  <timestamp>Fri Sep 27 02:56:36 2019</timestamp>
</msg>
<msg id="9" tool="mc">
  <type>MODULE_LOAD</type>
  <arg>c:\windows\syswow64\opencl.dll</arg>
  <arg>0xca50000</arg>
  <arg>0xcabefff</arg>
  <severity>INFO</severity>
  <timestamp>Fri Sep 27 02:56:37 2019</timestamp>
</msg>
<msg id="10" tool="mc">
  <type>MODULE_UNLOAD</type>
  <arg>C:\Windows\SysWOW64\OpenCL.dll</arg>
  <severity>INFO</severity>
  <timestamp>Fri Sep 27 02:56:37 2019</timestamp>
</msg>
<msg id="11" tool="mc">
  <type>MODULE_LOAD</type>
  <arg>c:\windows\syswow64\ucrtbased.dll</arg>
  <arg>0x78b20000</arg>
  <arg>0x78c94fff</arg>
  <severity>INFO</severity>
  <timestamp>Fri Sep 27 02:56:37 2019</timestamp>
</msg>
<msg id="12" tool="mc">
  <type>MODULE_LOAD</type>
  <arg>c:\windows\syswow64\msvcp140d.dll</arg>
  <arg>0x78a40000</arg>
  <arg>0x78af7fff</arg>
  <severity>INFO</severity>
  <timestamp>Fri Sep 27 02:56:38 2019</timestamp>
</msg>
<msg id="13" tool="mc">
  <type>MODULE_LOAD</type>
  <arg>c:\windows\syswow64\vcruntime140d.dll</arg>
  <arg>0xccb0000</arg>
  <arg>0xcccafff</arg>
  <severity>INFO</severity>
  <timestamp>Fri Sep 27 02:56:38 2019</timestamp>
</msg>
<msg id="14" tool="mc">
  <type>MODULE_UNLOAD</type>
  <arg>C:\Windows\SysWOW64\vcruntime140d.dll</arg>
  <severity>INFO</severity>
  <timestamp>Fri Sep 27 02:56:38 2019</timestamp>
</msg>
<msg id="15" tool="mc">
  <type>MODULE_LOAD</type>
  <arg>c:\windows\syswow64\opencl.dll</arg>
  <arg>0xcd70000</arg>
  <arg>0xcddefff</arg>
  <severity>INFO</severity>
  <timestamp>Fri Sep 27 02:56:38 2019</timestamp>
</msg>
<msg id="16" tool="mc">
  <type>MODULE_LOAD</type>
  <arg>c:\windows\syswow64\advapi32.dll</arg>
  <arg>0x75b30000</arg>
  <arg>0x75ba8fff</arg>
  <severity>INFO</severity>
  <timestamp>Fri Sep 27 02:56:38 2019</timestamp>
</msg>
<msg id="17" tool="mc">
  <type>MODULE_LOAD</type>
  <arg>c:\windows\syswow64\msvcrt.dll</arg>
  <arg>0x76850000</arg>
  <arg>0x7690efff</arg>
  <severity>INFO</severity>
  <timestamp>Fri Sep 27 02:56:38 2019</timestamp>
</msg>
<msg id="18" tool="mc">
  <type>MODULE_LOAD</type>
  <arg>c:\windows\syswow64\vcruntime140d.dll</arg>
  <arg>0xce60000</arg>
  <arg>0xce7afff</arg>
  <severity>INFO</severity>
  <timestamp>Fri Sep 27 02:56:38 2019</timestamp>
</msg>
<msg id="19" tool="mc">
  <type>MODULE_LOAD</type>
  <arg>c:\windows\syswow64\sechost.dll</arg>
  <arg>0x74ac0000</arg>
  <arg>0x74b35fff</arg>
  <severity>INFO</severity>
  <timestamp>Fri Sep 27 02:56:38 2019</timestamp>
</msg>
<msg id="20" tool="mc">
  <type>MODULE_LOAD</type>
  <arg>c:\windows\syswow64\rpcrt4.dll</arg>
  <arg>0x759a0000</arg>
  <arg>0x75a5afff</arg>
  <severity>INFO</severity>
  <timestamp>Fri Sep 27 02:56:38 2019</timestamp>
</msg>
<msg id="21" tool="mc">
  <type>MODULE_LOAD_NO_ANALYSIS</type>
  <arg>c:\windows\syswow64\sspicli.dll</arg>
  <arg>0x74710000</arg>
  <arg>0x7472ffff</arg>
  <severity>INFO</severity>
  <timestamp>Fri Sep 27 02:56:38 2019</timestamp>
</msg>
<msg id="22" tool="mc">
  <type>MODULE_LOAD</type>
  <arg>c:\windows\syswow64\cryptbase.dll</arg>
  <arg>0x74700000</arg>
  <arg>0x74709fff</arg>
  <severity>INFO</severity>
  <timestamp>Fri Sep 27 02:56:38 2019</timestamp>
</msg>
<msg id="23" tool="mc">
  <type>MODULE_LOAD_NO_ANALYSIS</type>
  <arg>c:\windows\syswow64\bcryptprimitives.dll</arg>
  <arg>0x76dc0000</arg>
  <arg>0x76e1efff</arg>
  <severity>INFO</severity>
  <timestamp>Fri Sep 27 02:56:38 2019</timestamp>
</msg>
<msg id="24" tool="mc">
  <type>MODULE_LOAD</type>
  <arg>c:\windows\syswow64\cfgmgr32.dll</arg>
  <arg>0x76530000</arg>
  <arg>0x7656afff</arg>
  <severity>INFO</severity>
  <timestamp>Fri Sep 27 02:56:38 2019</timestamp>
</msg>
<msg id="25" tool="mc">
  <type>MODULE_LOAD</type>
  <arg>c:\windows\syswow64\ucrtbase.dll</arg>
  <arg>0x74b40000</arg>
  <arg>0x74c5efff</arg>
  <severity>INFO</severity>
  <timestamp>Fri Sep 27 02:56:38 2019</timestamp>
</msg>
<msg id="26" tool="mc">
  <type>MODULE_LOAD</type>
  <arg>c:\windows\syswow64\ole32.dll</arg>
  <arg>0x762c0000</arg>
  <arg>0x763b6fff</arg>
  <severity>INFO</severity>
  <timestamp>Fri Sep 27 02:56:38 2019</timestamp>
</msg>
<msg id="27" tool="mc">
  <type>MODULE_LOAD_NO_ANALYSIS</type>
  <arg>c:\windows\syswow64\combase.dll</arg>
  <arg>0x76a90000</arg>
  <arg>0x76d05fff</arg>
  <severity>INFO</severity>
  <timestamp>Fri Sep 27 02:56:38 2019</timestamp>
</msg>
<msg id="28" tool="mc">
  <type>MODULE_LOAD</type>
  <arg>c:\windows\syswow64\gdi32.dll</arg>
  <arg>0x76820000</arg>
  <arg>0x76840fff</arg>
  <severity>INFO</severity>
  <timestamp>Fri Sep 27 02:56:38 2019</timestamp>
</msg>
<msg id="29" tool="mc">
  <type>MODULE_LOAD</type>
  <arg>c:\windows\syswow64\win32u.dll</arg>
  <arg>0x76740000</arg>
  <arg>0x76756fff</arg>
  <severity>INFO</severity>
  <timestamp>Fri Sep 27 02:56:38 2019</timestamp>
</msg>
<msg id="30" tool="mc">
  <type>MODULE_LOAD_NO_ANALYSIS</type>
  <arg>c:\windows\syswow64\gdi32full.dll</arg>
  <arg>0x76130000</arg>
  <arg>0x76289fff</arg>
  <severity>INFO</severity>
  <timestamp>Fri Sep 27 02:56:38 2019</timestamp>
</msg>
<msg id="31" tool="mc">
  <type>MODULE_LOAD</type>
  <arg>c:\windows\syswow64\msvcp_win.dll</arg>
  <arg>0x766c0000</arg>
  <arg>0x7673bfff</arg>
  <severity>INFO</severity>
  <timestamp>Fri Sep 27 02:56:38 2019</timestamp>
</msg>
<msg id="32" tool="mc">
  <type>MODULE_LOAD_NO_ANALYSIS</type>
  <arg>c:\windows\syswow64\user32.dll</arg>
  <arg>0x74920000</arg>
  <arg>0x74ab4fff</arg>
  <severity>INFO</severity>
  <timestamp>Fri Sep 27 02:56:38 2019</timestamp>
</msg>
<msg id="33" tool="mc">
  <type>MODULE_LOAD_NO_ANALYSIS</type>
  <arg>c:\windows\syswow64\imm32.dll</arg>
  <arg>0x76290000</arg>
  <arg>0x762b4fff</arg>
  <severity>INFO</severity>
  <timestamp>Fri Sep 27 02:56:41 2019</timestamp>
</msg>
<msg id="34" tool="mc">
  <type>MODULE_LOAD</type>
  <arg>c:\windows\system32\driverstore\filerepository\nvami.inf_amd64_647dff284c83a66c\nvopencl32.dll</arg>
  <arg>0x78ca0000</arg>
  <arg>0x7a933fff</arg>
  <severity>INFO</severity>
  <timestamp>Fri Sep 27 02:56:43 2019</timestamp>
</msg>
<msg id="35" tool="mc">
  <type>MODULE_LOAD</type>
  <arg>c:\windows\syswow64\shell32.dll</arg>
  <arg>0x75bb0000</arg>
  <arg>0x76127fff</arg>
  <severity>INFO</severity>
  <timestamp>Fri Sep 27 02:56:43 2019</timestamp>
</msg>
<msg id="36" tool="mc">
  <type>MODULE_LOAD</type>
  <arg>c:\windows\syswow64\version.dll</arg>
  <arg>0x731e0000</arg>
  <arg>0x731e7fff</arg>
  <severity>INFO</severity>
  <timestamp>Fri Sep 27 02:56:43 2019</timestamp>
</msg>
<msg id="37" tool="mc">
  <type>MODULE_LOAD_NO_ANALYSIS</type>
  <arg>c:\windows\syswow64\shcore.dll</arg>
  <arg>0x747f0000</arg>
  <arg>0x74873fff</arg>
  <severity>INFO</severity>
  <timestamp>Fri Sep 27 02:56:43 2019</timestamp>
</msg>
<msg id="38" tool="mc">
  <type>MODULE_LOAD</type>
  <arg>c:\windows\syswow64\windows.storage.dll</arg>
  <arg>0x74c60000</arg>
  <arg>0x75223fff</arg>
  <severity>INFO</severity>
  <timestamp>Fri Sep 27 02:56:43 2019</timestamp>
</msg>
<msg id="39" tool="mc">
  <type>MODULE_LOAD</type>
  <arg>c:\windows\syswow64\profapi.dll</arg>
  <arg>0x74880000</arg>
  <arg>0x74896fff</arg>
  <severity>INFO</severity>
  <timestamp>Fri Sep 27 02:56:43 2019</timestamp>
</msg>
<msg id="40" tool="mc">
  <type>MODULE_LOAD</type>
  <arg>c:\windows\syswow64\powrprof.dll</arg>
  <arg>0x754e0000</arg>
  <arg>0x75522fff</arg>
  <severity>INFO</severity>
  <timestamp>Fri Sep 27 02:56:43 2019</timestamp>
</msg>
<msg id="41" tool="mc">
  <type>MODULE_LOAD</type>
  <arg>c:\windows\syswow64\umpdc.dll</arg>
  <arg>0x75a60000</arg>
  <arg>0x75a6cfff</arg>
  <severity>INFO</severity>
  <timestamp>Fri Sep 27 02:56:43 2019</timestamp>
</msg>
<msg id="42" tool="mc">
  <type>MODULE_LOAD</type>
  <arg>c:\windows\syswow64\shlwapi.dll</arg>
  <arg>0x75230000</arg>
  <arg>0x75273fff</arg>
  <severity>INFO</severity>
  <timestamp>Fri Sep 27 02:56:43 2019</timestamp>
</msg>
<msg id="43" tool="mc">
  <type>MODULE_LOAD</type>
  <arg>c:\windows\syswow64\kernel.appcore.dll</arg>
  <arg>0x76660000</arg>
  <arg>0x7666efff</arg>
  <severity>INFO</severity>
  <timestamp>Fri Sep 27 02:56:43 2019</timestamp>
</msg>
<msg id="44" tool="mc">
  <type>MODULE_LOAD</type>
  <arg>c:\windows\syswow64\cryptsp.dll</arg>
  <arg>0x75530000</arg>
  <arg>0x75542fff</arg>
  <severity>INFO</severity>
  <timestamp>Fri Sep 27 02:56:43 2019</timestamp>
</msg>
<msg id="45" tool="mc">
  <type>MODULE_LOAD</type>
  <arg>c:\windows\syswow64\setupapi.dll</arg>
  <arg>0x75550000</arg>
  <arg>0x75998fff</arg>
  <severity>INFO</severity>
  <timestamp>Fri Sep 27 02:56:43 2019</timestamp>
</msg>
<msg id="46" tool="mc">
  <type>MODULE_LOAD</type>
  <arg>c:\windows\syswow64\bcrypt.dll</arg>
  <arg>0x747c0000</arg>
  <arg>0x747d8fff</arg>
  <severity>INFO</severity>
  <timestamp>Fri Sep 27 02:56:43 2019</timestamp>
</msg>
<msg id="47" tool="mc">
  <type>MODULE_LOAD</type>
  <arg>c:\windows\syswow64\ws2_32.dll</arg>
  <arg>0x767c0000</arg>
  <arg>0x7681dfff</arg>
  <severity>INFO</severity>
  <timestamp>Fri Sep 27 02:56:43 2019</timestamp>
</msg>
<msg id="48" tool="mc">
  <type>HEARTBEAT</type>
  <arg>18232,1968,16496,15324</arg>
  <arg>0,1,1,1</arg>
  <arg>148413,9020,2611,7725</arg>
  <severity>INFO</severity>
  <timestamp>Fri Sep 27 02:56:44 2019</timestamp>
</msg>
<msg id="49" tool="mc">
  <type>HEARTBEAT</type>
  <arg>18232,1968,16496,15324</arg>
  <arg>0,1,1,1</arg>
  <arg>5780,0,0,0</arg>
  <severity>INFO</severity>
  <timestamp>Fri Sep 27 02:56:45 2019</timestamp>
</msg>
<msg id="50" tool="mc">
  <type>HEARTBEAT</type>
  <arg>18232,1968,16496,15324</arg>
  <arg>0,1,1,1</arg>
  <arg>7935,0,0,0</arg>
  <severity>INFO</severity>
  <timestamp>Fri Sep 27 02:56:46 2019</timestamp>
</msg>
<msg id="51" tool="mc">
  <type>MODULE_LOAD</type>
  <arg>c:\windows\syswow64\dwmapi.dll</arg>
  <arg>0x700c0000</arg>
  <arg>0x700e4fff</arg>
  <severity>INFO</severity>
  <timestamp>Fri Sep 27 02:56:46 2019</timestamp>
</msg>
<msg id="52" tool="mc">
  <type>MODULE_LOAD_NO_ANALYSIS</type>
  <arg>c:\windows\syswow64\uxtheme.dll</arg>
  <arg>0x742c0000</arg>
  <arg>0x74339fff</arg>
  <severity>INFO</severity>
  <timestamp>Fri Sep 27 02:56:47 2019</timestamp>
</msg>
<msg id="53" tool="mc">
  <type>HEARTBEAT</type>
  <arg>18232,1968,16496,15324</arg>
  <arg>0,1,1,1</arg>
  <arg>22786,0,0,0</arg>
  <severity>INFO</severity>
  <timestamp>Fri Sep 27 02:56:47 2019</timestamp>
</msg>
<msg id="54" tool="mc">
  <type>MODULE_UNLOAD</type>
  <arg>C:\Windows\SysWOW64\dwmapi.dll</arg>
  <severity>INFO</severity>
  <timestamp>Fri Sep 27 02:56:47 2019</timestamp>
</msg>
<msg id="55" tool="mc">
  <type>MODULE_LOAD</type>
  <arg>c:\windows\syswow64\dxcore.dll</arg>
  <arg>0x72720000</arg>
  <arg>0x72738fff</arg>
  <severity>INFO</severity>
  <timestamp>Fri Sep 27 02:56:47 2019</timestamp>
</msg>
<msg id="56" tool="mc">
  <type>MODULE_LOAD</type>
  <arg>c:\windows\syswow64\nvapi.dll</arg>
  <arg>0x50b70000</arg>
  <arg>0x50fc4fff</arg>
  <severity>INFO</severity>
  <timestamp>Fri Sep 27 02:56:47 2019</timestamp>
</msg>
<msg id="57" tool="mc">
  <type>MODULE_LOAD</type>
  <arg>c:\windows\syswow64\dxgi.dll</arg>
  <arg>0x664d0000</arg>
  <arg>0x66590fff</arg>
  <severity>INFO</severity>
  <timestamp>Fri Sep 27 02:56:47 2019</timestamp>
</msg>
<msg id="58" tool="mc">
  <type>MODULE_LOAD</type>
  <arg>c:\windows\syswow64\mscms.dll</arg>
  <arg>0x50ad0000</arg>
  <arg>0x50b63fff</arg>
  <severity>INFO</severity>
  <timestamp>Fri Sep 27 02:56:47 2019</timestamp>
</msg>
<msg id="59" tool="mc">
  <type>MODULE_LOAD</type>
  <arg>c:\windows\syswow64\userenv.dll</arg>
  <arg>0x746d0000</arg>
  <arg>0x746edfff</arg>
  <severity>INFO</severity>
  <timestamp>Fri Sep 27 02:56:47 2019</timestamp>
</msg>
<msg id="60" tool="mc">
  <type>MODULE_LOAD</type>
  <arg>c:\windows\syswow64\coloradapterclient.dll</arg>
  <arg>0x50ab0000</arg>
  <arg>0x50ac0fff</arg>
  <severity>INFO</severity>
  <timestamp>Fri Sep 27 02:56:47 2019</timestamp>
</msg>
<msg id="61" tool="mc">
  <type>MODULE_LOAD_NO_ANALYSIS</type>
  <arg>c:\windows\syswow64\oleaut32.dll</arg>
  <arg>0x75a70000</arg>
  <arg>0x75b01fff</arg>
  <severity>INFO</severity>
  <timestamp>Fri Sep 27 02:56:47 2019</timestamp>
</msg>
<msg id="62" tool="mc">
  <type>HEARTBEAT</type>
  <arg>18232,1968,16496,15324</arg>
  <arg>0,1,1,1</arg>
  <arg>28309,6667,7303,6289</arg>
  <severity>INFO</severity>
  <timestamp>Fri Sep 27 02:56:48 2019</timestamp>
</msg>
<msg id="63" tool="mc">
  <type>HEARTBEAT</type>
  <arg>18232,1968,16496,15324</arg>
  <arg>0,1,1,1</arg>
  <arg>8438,0,0,0</arg>
  <severity>INFO</severity>
  <timestamp>Fri Sep 27 02:56:49 2019</timestamp>
</msg>
<msg id="64" tool="mc">
  <type>HEARTBEAT</type>
  <arg>18232,1968,16496,15324</arg>
  <arg>0,1,1,1</arg>
  <arg>8987,0,0,0</arg>
  <severity>INFO</severity>
  <timestamp>Fri Sep 27 02:56:50 2019</timestamp>
</msg>
<msg id="65" tool="mc">
  <type>MODULE_LOAD</type>
  <arg>c:\windows\syswow64\intelopencl32.dll</arg>
  <arg>0x10920000</arg>
  <arg>0x1096efff</arg>
  <severity>INFO</severity>
  <timestamp>Fri Sep 27 02:56:50 2019</timestamp>
</msg>
<msg id="66" tool="mc">
  <type>MODULE_UNLOAD</type>
  <arg>C:\Windows\SysWOW64\IntelOpenCL32.dll</arg>
  <severity>INFO</severity>
  <timestamp>Fri Sep 27 02:56:50 2019</timestamp>
</msg>
<msg id="67" tool="mc">
  <type>MODULE_LOAD</type>
  <arg>c:\windows\syswow64\intelopencl32.dll</arg>
  <arg>0x10920000</arg>
  <arg>0x1096efff</arg>
  <severity>INFO</severity>
  <timestamp>Fri Sep 27 02:56:50 2019</timestamp>
</msg>
<msg id="68" tool="mc">
  <type>MODULE_LOAD</type>
  <arg>c:\program files (x86)\common files\intel\opencl\bin\x86\intelocl32.dll</arg>
  <arg>0x10a20000</arg>
  <arg>0x10b9bfff</arg>
  <severity>INFO</severity>
  <timestamp>Fri Sep 27 02:56:50 2019</timestamp>
</msg>
<msg id="69" tool="mc">
  <type>MODULE_UNLOAD</type>
  <arg>C:\Program Files (x86)\Common Files\Intel\OpenCL\bin\x86\intelocl32.dll</arg>
  <severity>INFO</severity>
  <timestamp>Fri Sep 27 02:56:50 2019</timestamp>
</msg>
<msg id="70" tool="mc">
  <type>MODULE_LOAD</type>
  <arg>c:\program files (x86)\common files\intel\opencl\bin\x86\intelocl32.dll</arg>
  <arg>0x10a20000</arg>
  <arg>0x10b9bfff</arg>
  <severity>INFO</severity>
  <timestamp>Fri Sep 27 02:56:50 2019</timestamp>
</msg>
<msg id="71" tool="mc">
  <type>MODULE_LOAD</type>
  <arg>c:\program files (x86)\common files\intel\opencl\bin\x86\task_executor32.dll</arg>
  <arg>0x10c10000</arg>
  <arg>0x10c8efff</arg>
  <severity>INFO</severity>
  <timestamp>Fri Sep 27 02:56:51 2019</timestamp>
</msg>
<msg id="72" tool="mc">
  <type>MODULE_UNLOAD</type>
  <arg>C:\Program Files (x86)\Common Files\Intel\OpenCL\bin\x86\task_executor32.dll</arg>
  <severity>INFO</severity>
  <timestamp>Fri Sep 27 02:56:51 2019</timestamp>
</msg>
<msg id="73" tool="mc">
  <type>MODULE_LOAD</type>
  <arg>c:\windows\syswow64\opengl32.dll</arg>
  <arg>0x51690000</arg>
  <arg>0x5178efff</arg>
  <severity>INFO</severity>
  <timestamp>Fri Sep 27 02:56:51 2019</timestamp>
</msg>
<msg id="74" tool="mc">
  <type>MODULE_LOAD</type>
  <arg>c:\windows\syswow64\glu32.dll</arg>
  <arg>0x51210000</arg>
  <arg>0x5124efff</arg>
  <severity>INFO</severity>
  <timestamp>Fri Sep 27 02:56:51 2019</timestamp>
</msg>
<msg id="75" tool="mc">
  <type>MODULE_LOAD</type>
  <arg>c:\program files (x86)\common files\intel\opencl\bin\x86\task_executor32.dll</arg>
  <arg>0x10ca0000</arg>
  <arg>0x10d1efff</arg>
  <severity>INFO</severity>
  <timestamp>Fri Sep 27 02:56:51 2019</timestamp>
</msg>
<msg id="76" tool="mc">
  <type>HEARTBEAT</type>
  <arg>18232,1968,16496,15324</arg>
  <arg>0,1,1,1</arg>
  <arg>10985,844,3485,50</arg>
  <severity>INFO</severity>
  <timestamp>Fri Sep 27 02:56:51 2019</timestamp>
</msg>
<msg id="77" tool="mc">
  <type>MODULE_LOAD_NO_ANALYSIS</type>
  <arg>c:\program files (x86)\intelswtools\inspector 2019\bin32\runtime\libittnotify.dll</arg>
  <arg>0x10d40000</arg>
  <arg>0x10d6cfff</arg>
  <severity>INFO</severity>
  <timestamp>Fri Sep 27 02:56:51 2019</timestamp>
</msg>
<msg id="78" tool="mc">
  <type>MODULE_UNLOAD</type>
  <arg>C:\Program Files (x86)\IntelSWTools\Inspector 2019\bin32\runtime\libittnotify.dll</arg>
  <severity>INFO</severity>
  <timestamp>Fri Sep 27 02:56:51 2019</timestamp>
</msg>
<msg id="79" tool="mc">
  <type>MODULE_LOAD_NO_ANALYSIS</type>
  <arg>c:\program files (x86)\intelswtools\inspector 2019\bin32\runtime\libittnotify.dll</arg>
  <arg>0x10d40000</arg>
  <arg>0x10d6cfff</arg>
  <severity>INFO</severity>
  <timestamp>Fri Sep 27 02:56:51 2019</timestamp>
</msg>
<msg id="80" tool="mc">
  <type>HEARTBEAT</type>
  <arg>18232,1968,16496,15324</arg>
  <arg>0,1,1,1</arg>
  <arg>27973,0,0,0</arg>
  <severity>INFO</severity>
  <timestamp>Fri Sep 27 02:56:52 2019</timestamp>
</msg>
<msg id="81" tool="mc">
  <type>HEARTBEAT</type>
  <arg>18232,1968,16496,15324</arg>
  <arg>0,1,1,1</arg>
  <arg>43863,0,0,0</arg>
  <severity>INFO</severity>
  <timestamp>Fri Sep 27 02:56:53 2019</timestamp>
</msg>
<msg id="82" tool="mc">
  <type>MODULE_LOAD</type>
  <arg>c:\program files (x86)\common files\intel\opencl\bin\x86\cpu_device32.dll</arg>
  <arg>0x10f40000</arg>
  <arg>0x10fe2fff</arg>
  <severity>INFO</severity>
  <timestamp>Fri Sep 27 02:56:53 2019</timestamp>
</msg>
<msg id="83" tool="mc">
  <type>MODULE_UNLOAD</type>
  <arg>C:\Program Files (x86)\Common Files\Intel\OpenCL\bin\x86\cpu_device32.dll</arg>
  <severity>INFO</severity>
  <timestamp>Fri Sep 27 02:56:53 2019</timestamp>
</msg>
<msg id="84" tool="mc">
  <type>MODULE_LOAD</type>
  <arg>c:\program files (x86)\common files\intel\opencl\bin\x86\cpu_device32.dll</arg>
  <arg>0x10f40000</arg>
  <arg>0x10fe2fff</arg>
  <severity>INFO</severity>
  <timestamp>Fri Sep 27 02:56:53 2019</timestamp>
</msg>
<msg id="85" tool="mc">
  <type>HEARTBEAT</type>
  <arg>18232,1968,16496,15324</arg>
  <arg>0,1,1,1</arg>
  <arg>27419,0,0,0</arg>
  <severity>INFO</severity>
  <timestamp>Fri Sep 27 02:56:54 2019</timestamp>
</msg>
<msg id="86" tool="mc">
  <type>MODULE_LOAD</type>
  <arg>c:\windows\syswow64\igdrcl32.dll</arg>
  <arg>0x11170000</arg>
  <arg>0x115a5fff</arg>
  <severity>INFO</severity>
  <timestamp>Fri Sep 27 02:56:54 2019</timestamp>
</msg>
<msg id="87" tool="mc">
  <type>MODULE_UNLOAD</type>
  <arg>C:\Windows\SysWOW64\igdrcl32.dll</arg>
  <severity>INFO</severity>
  <timestamp>Fri Sep 27 02:56:54 2019</timestamp>
</msg>
<msg id="88" tool="mc">
  <type>MODULE_LOAD</type>
  <arg>c:\windows\syswow64\igdrcl32.dll</arg>
  <arg>0x11170000</arg>
  <arg>0x115a5fff</arg>
  <severity>INFO</severity>
  <timestamp>Fri Sep 27 02:56:54 2019</timestamp>
</msg>
<msg id="89" tool="mc">
  <type>HEARTBEAT</type>
  <arg>18232,1968,16496,15324</arg>
  <arg>0,1,1,1</arg>
  <arg>11319,0,0,0</arg>
  <severity>INFO</severity>
  <timestamp>Fri Sep 27 02:56:55 2019</timestamp>
</msg>
<msg id="90" tool="mc">
  <type>MODULE_LOAD</type>
  <arg>c:\windows\syswow64\resourcepolicyclient.dll</arg>
  <arg>0x52ca0000</arg>
  <arg>0x52caefff</arg>
  <severity>INFO</severity>
  <timestamp>Fri Sep 27 02:56:55 2019</timestamp>
</msg>
<msg id="91" tool="mc">
  <type>HEARTBEAT</type>
  <arg>18232,1968,16496,15324</arg>
  <arg>0,1,1,1</arg>
  <arg>11695,0,0,0</arg>
  <severity>INFO</severity>
  <timestamp>Fri Sep 27 02:56:56 2019</timestamp>
</msg>
<msg id="92" tool="mc">
  <type>HEARTBEAT</type>
  <arg>18232,1968,16496,15324</arg>
  <arg>0,1,1,1</arg>
  <arg>2598,0,0,0</arg>
  <severity>INFO</severity>
  <timestamp>Fri Sep 27 02:56:57 2019</timestamp>
</msg>
<msg id="93" tool="mc">
  <type>MODULE_UNLOAD</type>
  <arg>C:\Windows\SysWOW64\ResourcePolicyClient.dll</arg>
  <severity>INFO</severity>
  <timestamp>Fri Sep 27 02:56:57 2019</timestamp>
</msg>
<msg id="94" tool="mc">
  <type>HEARTBEAT</type>
  <arg>18232,1968,16496,15324</arg>
  <arg>0,1,1,1</arg>
  <arg>3979,0,0,0</arg>
  <severity>INFO</severity>
  <timestamp>Fri Sep 27 02:56:58 2019</timestamp>
</msg>
<msg id="95" tool="mc">
  <type>HEARTBEAT</type>
  <arg>18232,1968,16496,15324</arg>
  <arg>0,1,1,1</arg>
  <arg>22092,0,0,0</arg>
  <severity>INFO</severity>
  <timestamp>Fri Sep 27 02:56:59 2019</timestamp>
</msg>
<msg id="96" tool="mc">
  <type>MODULE_LOAD</type>
  <arg>c:\windows\system32\driverstore\filerepository\nvami.inf_amd64_647dff284c83a66c\nvdlist.dll</arg>
  <arg>0x11960000</arg>
  <arg>0x1198afff</arg>
  <severity>INFO</severity>
  <timestamp>Fri Sep 27 02:56:59 2019</timestamp>
</msg>
<msg id="97" tool="mc">
  <type>MODULE_UNLOAD</type>
  <arg>C:\Windows\System32\DriverStore\FileRepository\nvami.inf_amd64_647dff284c83a66c\nvdlist.dll</arg>
  <severity>INFO</severity>
  <timestamp>Fri Sep 27 02:56:59 2019</timestamp>
</msg>
<msg id="98" tool="mc">
  <type>MODULE_LOAD</type>
  <arg>c:\windows\system32\driverstore\filerepository\nvami.inf_amd64_647dff284c83a66c\nvdlist.dll</arg>
  <arg>0x11960000</arg>
  <arg>0x1198afff</arg>
  <severity>INFO</severity>
  <timestamp>Fri Sep 27 02:56:59 2019</timestamp>
</msg>
<msg id="99" tool="mc">
  <type>HEARTBEAT</type>
  <arg>18232,1968,16496,15324</arg>
  <arg>0,1,1,1</arg>
  <arg>8231,0,0,0</arg>
  <severity>INFO</severity>
  <timestamp>Fri Sep 27 02:57:00 2019</timestamp>
</msg>
<msg id="100" tool="mc">
  <type>MODULE_UNLOAD</type>
  <arg>C:\Windows\System32\DriverStore\FileRepository\nvami.inf_amd64_647dff284c83a66c\nvdlist.dll</arg>
  <severity>INFO</severity>
  <timestamp>Fri Sep 27 02:57:00 2019</timestamp>
</msg>
<msg id="101" tool="mc">
  <type>HEARTBEAT</type>
  <arg>18232,1968,16496,15324</arg>
  <arg>0,1,1,1</arg>
  <arg>43056,0,0,0</arg>
  <severity>INFO</severity>
  <timestamp>Fri Sep 27 02:57:01 2019</timestamp>
</msg>
<msg id="102" tool="mc">
  <type>HEARTBEAT</type>
  <arg>18232,1968,16496,15324</arg>
  <arg>0,1,1,1</arg>
  <arg>986,0,0,0</arg>
  <severity>INFO</severity>
  <timestamp>Fri Sep 27 02:57:02 2019</timestamp>
</msg>
<msg id="103" tool="mc">
  <type>MODULE_LOAD</type>
  <arg>c:\windows\syswow64\igdfcl32.dll</arg>
  <arg>0x127f0000</arg>
  <arg>0x12827fff</arg>
  <severity>INFO</severity>
  <timestamp>Fri Sep 27 02:57:02 2019</timestamp>
</msg>
<msg id="104" tool="mc">
  <type>MODULE_UNLOAD</type>
  <arg>C:\Windows\SysWOW64\igdfcl32.dll</arg>
  <severity>INFO</severity>
  <timestamp>Fri Sep 27 02:57:02 2019</timestamp>
</msg>
<msg id="105" tool="mc">
  <type>MODULE_LOAD</type>
  <arg>c:\windows\syswow64\igdfcl32.dll</arg>
  <arg>0x127f0000</arg>
  <arg>0x12827fff</arg>
  <severity>INFO</severity>
  <timestamp>Fri Sep 27 02:57:02 2019</timestamp>
</msg>
<msg id="106" tool="mc">
  <type>HEARTBEAT</type>
  <arg>18232,1968,16496,15324,14004</arg>
  <arg>0,1,1,1,1</arg>
  <arg>9653,0,0,0,1855</arg>
  <severity>INFO</severity>
  <timestamp>Fri Sep 27 02:57:03 2019</timestamp>
</msg>
<msg id="107" tool="mc">
  <type>MODULE_LOAD</type>
  <arg>c:\windows\syswow64\igdmcl32.dll</arg>
  <arg>0x12870000</arg>
  <arg>0x12c3ffff</arg>
  <severity>INFO</severity>
  <timestamp>Fri Sep 27 02:57:03 2019</timestamp>
</msg>
<msg id="108" tool="mc">
  <type>MODULE_UNLOAD</type>
  <arg>C:\Windows\SysWOW64\igdmcl32.dll</arg>
  <severity>INFO</severity>
  <timestamp>Fri Sep 27 02:57:03 2019</timestamp>
</msg>
<msg id="109" tool="mc">
  <type>MODULE_LOAD</type>
  <arg>c:\windows\syswow64\igdmcl32.dll</arg>
  <arg>0x12870000</arg>
  <arg>0x12c3ffff</arg>
  <severity>INFO</severity>
  <timestamp>Fri Sep 27 02:57:03 2019</timestamp>
</msg>
<msg id="110" tool="mc">
  <type>MODULE_LOAD</type>
  <arg>c:\windows\syswow64\dbghelp.dll</arg>
  <arg>0x734a0000</arg>
  <arg>0x7362efff</arg>
  <severity>INFO</severity>
  <timestamp>Fri Sep 27 02:57:03 2019</timestamp>
</msg>
<msg id="111" tool="mc">
  <type>HEARTBEAT</type>
  <arg>18232,1968,16496,15324,14004</arg>
  <arg>0,1,1,1,1</arg>
  <arg>7325,0,2493,525,0</arg>
  <severity>INFO</severity>
  <timestamp>Fri Sep 27 02:57:04 2019</timestamp>
</msg>
<msg id="112" tool="mc">
  <type>HEARTBEAT</type>
  <arg>18232,1968,16496,15324,14004</arg>
  <arg>0,1,1,1,1</arg>
  <arg>10488,0,0,0,0</arg>
  <severity>INFO</severity>
  <timestamp>Fri Sep 27 02:57:05 2019</timestamp>
</msg>
<msg id="113" tool="mc">
  <type>HEARTBEAT</type>
  <arg>18232,1968,16496,15324,14004</arg>
  <arg>0,1,1,1,1</arg>
  <arg>5207,0,0,0,0</arg>
  <severity>INFO</severity>
  <timestamp>Fri Sep 27 02:57:06 2019</timestamp>
</msg>
<msg id="114" tool="mc">
  <type>MODULE_LOAD</type>
  <arg>c:\windows\syswow64\igdbcl32.dll</arg>
  <arg>0x12dd0000</arg>
  <arg>0x12e2ffff</arg>
  <severity>INFO</severity>
  <timestamp>Fri Sep 27 02:57:06 2019</timestamp>
</msg>
<msg id="115" tool="mc">
  <type>MODULE_UNLOAD</type>
  <arg>C:\Windows\SysWOW64\igdbcl32.dll</arg>
  <severity>INFO</severity>
  <timestamp>Fri Sep 27 02:57:06 2019</timestamp>
</msg>
<msg id="116" tool="mc">
  <type>MODULE_LOAD</type>
  <arg>c:\windows\syswow64\igdbcl32.dll</arg>
  <arg>0x12dd0000</arg>
  <arg>0x12e2ffff</arg>
  <severity>INFO</severity>
  <timestamp>Fri Sep 27 02:57:06 2019</timestamp>
</msg>
<msg id="117" tool="mc">
  <type>MODULE_LOAD</type>
  <arg>c:\windows\syswow64\igdusc32.dll</arg>
  <arg>0x5f8d0000</arg>
  <arg>0x60199fff</arg>
  <severity>INFO</severity>
  <timestamp>Fri Sep 27 02:57:06 2019</timestamp>
</msg>
<msg id="118" tool="mc">
  <type>HEARTBEAT</type>
  <arg>18232,1968,16496,15324,14004</arg>
  <arg>0,1,1,1,1</arg>
  <arg>11706,5,321,408,0</arg>
  <severity>INFO</severity>
  <timestamp>Fri Sep 27 02:57:07 2019</timestamp>
</msg>
<msg id="119" tool="mc">
  <type>MODULE_LOAD</type>
  <arg>c:\program files (x86)\amd app sdk\3.0\bin\x86\amdocl.dll</arg>
  <arg>0x12f60000</arg>
  <arg>0x15572fff</arg>
  <severity>INFO</severity>
  <timestamp>Fri Sep 27 02:57:08 2019</timestamp>
</msg>
<msg id="120" tool="mc">
  <type>MODULE_UNLOAD</type>
  <arg>C:\Program Files (x86)\AMD APP SDK\3.0\bin\x86\amdocl.dll</arg>
  <severity>INFO</severity>
  <timestamp>Fri Sep 27 02:57:08 2019</timestamp>
</msg>
<msg id="121" tool="mc">
  <type>MODULE_LOAD</type>
  <arg>c:\program files (x86)\amd app sdk\3.0\bin\x86\amdocl.dll</arg>
  <arg>0x12f60000</arg>
  <arg>0x15572fff</arg>
  <severity>INFO</severity>
  <timestamp>Fri Sep 27 02:57:08 2019</timestamp>
</msg>
<msg id="122" tool="mc">
  <type>HEARTBEAT</type>
  <arg>18232,1968,16496,15324,14004</arg>
  <arg>0,1,1,1,1</arg>
  <arg>12413,0,0,0,0</arg>
  <severity>INFO</severity>
  <timestamp>Fri Sep 27 02:57:08 2019</timestamp>
</msg>
<msg id="123" tool="mc">
  <type>HEARTBEAT</type>
  <arg>18232,1968,16496,15324,14004</arg>
  <arg>0,1,1,1,1</arg>
  <arg>9666,0,0,0,0</arg>
  <severity>INFO</severity>
  <timestamp>Fri Sep 27 02:57:09 2019</timestamp>
</msg>
<msg id="124" tool="mc">
  <type>HEARTBEAT</type>
  <arg>18232,1968,16496,15324,14004</arg>
  <arg>0,1,1,1,1</arg>
  <arg>3865,0,0,0,0</arg>
  <severity>INFO</severity>
  <timestamp>Fri Sep 27 02:57:10 2019</timestamp>
</msg>
<msg id="125" tool="mc">
  <type>HEARTBEAT</type>
  <arg>18232,1968,16496,15324,14004</arg>
  <arg>0,1,1,1,1</arg>
  <arg>1736,0,0,0,0</arg>
  <severity>INFO</severity>
  <timestamp>Fri Sep 27 02:57:11 2019</timestamp>
</msg>
<msg id="126" tool="mc">
  <type>HEARTBEAT</type>
  <arg>18232,1968,16496,15324,14004</arg>
  <arg>0,1,1,1,1</arg>
  <arg>1910,0,0,0,0</arg>
  <severity>INFO</severity>
  <timestamp>Fri Sep 27 02:57:12 2019</timestamp>
</msg>
<msg id="127" tool="mc">
  <type>HEARTBEAT</type>
  <arg>18232,1968,16496,15324,14004</arg>
  <arg>0,1,1,1,1</arg>
  <arg>5072,0,0,0,0</arg>
  <severity>INFO</severity>
  <timestamp>Fri Sep 27 02:57:13 2019</timestamp>
</msg>
<msg id="128" tool="mc">
  <type>MODULE_LOAD</type>
  <arg>c:\program files (x86)\amd app sdk\3.0\bin\x86\amdocl12cl.dll</arg>
  <arg>0x158c0000</arg>
  <arg>0x16e60fff</arg>
  <severity>INFO</severity>
  <timestamp>Fri Sep 27 02:57:13 2019</timestamp>
</msg>
<msg id="129" tool="mc">
  <type>MODULE_UNLOAD</type>
  <arg>C:\Program Files (x86)\AMD APP SDK\3.0\bin\x86\amdocl12cl.dll</arg>
  <severity>INFO</severity>
  <timestamp>Fri Sep 27 02:57:13 2019</timestamp>
</msg>
<msg id="130" tool="mc">
  <type>MODULE_LOAD</type>
  <arg>c:\program files (x86)\amd app sdk\3.0\bin\x86\amdocl12cl.dll</arg>
  <arg>0x158c0000</arg>
  <arg>0x16e60fff</arg>
  <severity>INFO</severity>
  <timestamp>Fri Sep 27 02:57:13 2019</timestamp>
</msg>
<msg id="131" tool="mc">
  <type>HEARTBEAT</type>
  <arg>18232,1968,16496,15324,14004</arg>
  <arg>0,1,1,1,1</arg>
  <arg>23035,0,0,0,0</arg>
  <severity>INFO</severity>
  <timestamp>Fri Sep 27 02:57:14 2019</timestamp>
</msg>
<msg id="132" tool="mc">
  <type>HEARTBEAT</type>
  <arg>18232,1968,16496,15324,14004</arg>
  <arg>0,1,1,1,1</arg>
  <arg>5667,0,0,0,0</arg>
  <severity>INFO</severity>
  <timestamp>Fri Sep 27 02:57:15 2019</timestamp>
</msg>
<msg id="133" tool="mc">
  <type>HEARTBEAT</type>
  <arg>18232,1968,16496,15324,14004</arg>
  <arg>0,1,1,1,1</arg>
  <arg>12928,0,0,0,0</arg>
  <severity>INFO</severity>
  <timestamp>Fri Sep 27 02:57:16 2019</timestamp>
</msg>
<msg id="134" tool="mc">
  <type>HEARTBEAT</type>
  <arg>18232,1968,16496,15324,14004</arg>
  <arg>0,1,1,1,1</arg>
  <arg>16585,0,0,0,0</arg>
  <severity>INFO</severity>
  <timestamp>Fri Sep 27 02:57:17 2019</timestamp>
</msg>
<msg id="135" tool="mc">
  <type>HEARTBEAT</type>
  <arg>18232,1968,16496,15324,14004</arg>
  <arg>0,1,1,1,1</arg>
  <arg>22501,0,0,0,0</arg>
  <severity>INFO</severity>
  <timestamp>Fri Sep 27 02:57:18 2019</timestamp>
</msg>
<msg id="136" tool="mc">
  <type>MODULE_LOAD</type>
  <arg>c:\windows\syswow64\winmm.dll</arg>
  <arg>0x74370000</arg>
  <arg>0x74393fff</arg>
  <severity>INFO</severity>
  <timestamp>Fri Sep 27 02:57:18 2019</timestamp>
</msg>
<msg id="137" tool="mc">
  <type>MODULE_LOAD</type>
  <arg>c:\windows\syswow64\winmmbase.dll</arg>
  <arg>0x74340000</arg>
  <arg>0x74362fff</arg>
  <severity>INFO</severity>
  <timestamp>Fri Sep 27 02:57:18 2019</timestamp>
</msg>
<msg id="138" tool="mc">
  <type>MODULE_LOAD</type>
  <arg>c:\windows\syswow64\dwmapi.dll</arg>
  <arg>0x700c0000</arg>
  <arg>0x700e4fff</arg>
  <severity>INFO</severity>
  <timestamp>Fri Sep 27 02:57:19 2019</timestamp>
</msg>
<msg id="139" tool="mc">
  <type>HEARTBEAT</type>
  <arg>18232,1968,16496,15324,14004</arg>
  <arg>0,1,1,1,1</arg>
  <arg>21720,345,188,2756,0</arg>
  <severity>INFO</severity>
  <timestamp>Fri Sep 27 02:57:19 2019</timestamp>
</msg>
<msg id="140" tool="mc">
  <type>MODULE_LOAD</type>
  <arg>c:\windows\syswow64\devobj.dll</arg>
  <arg>0x74650000</arg>
  <arg>0x74672fff</arg>
  <severity>INFO</severity>
  <timestamp>Fri Sep 27 02:57:19 2019</timestamp>
</msg>
<msg id="141" tool="mc">
  <type>HEARTBEAT</type>
  <arg>18232,1968,16496,15324,14004</arg>
  <arg>0,1,1,1,1</arg>
  <arg>18071,0,0,140,0</arg>
  <severity>INFO</severity>
  <timestamp>Fri Sep 27 02:57:20 2019</timestamp>
</msg>
<msg id="142" tool="mc">
  <type>MODULE_LOAD</type>
  <arg>c:\windows\syswow64\wintrust.dll</arg>
  <arg>0x76670000</arg>
  <arg>0x766b5fff</arg>
  <severity>INFO</severity>
  <timestamp>Fri Sep 27 02:57:20 2019</timestamp>
</msg>
<msg id="143" tool="mc">
  <type>MODULE_LOAD</type>
  <arg>c:\windows\syswow64\msasn1.dll</arg>
  <arg>0x76980000</arg>
  <arg>0x7698dfff</arg>
  <severity>INFO</severity>
  <timestamp>Fri Sep 27 02:57:20 2019</timestamp>
</msg>
<msg id="144" tool="mc">
  <type>MODULE_LOAD</type>
  <arg>c:\windows\syswow64\crypt32.dll</arg>
  <arg>0x76990000</arg>
  <arg>0x76a8afff</arg>
  <severity>INFO</severity>
  <timestamp>Fri Sep 27 02:57:20 2019</timestamp>
</msg>
<msg id="145" tool="mc">
  <type>HEARTBEAT</type>
  <arg>18232,1968,16496,15324,14004</arg>
  <arg>0,1,1,1,1</arg>
  <arg>9753,24,0,765,0</arg>
  <severity>INFO</severity>
  <timestamp>Fri Sep 27 02:57:21 2019</timestamp>
</msg>
<msg id="146" tool="mc">
  <type>MODULE_LOAD</type>
  <arg>c:\windows\syswow64\intelopenclprofiler.dll</arg>
  <arg>0x17480000</arg>
  <arg>0x17629fff</arg>
  <severity>INFO</severity>
  <timestamp>Fri Sep 27 02:57:22 2019</timestamp>
</msg>
<msg id="147" tool="mc">
  <type>MODULE_UNLOAD</type>
  <arg>C:\Windows\SysWOW64\IntelOpenCLProfiler.dll</arg>
  <severity>INFO</severity>
  <timestamp>Fri Sep 27 02:57:22 2019</timestamp>
</msg>
<msg id="148" tool="mc">
  <type>MODULE_LOAD</type>
  <arg>c:\windows\syswow64\intelopenclprofiler.dll</arg>
  <arg>0x17480000</arg>
  <arg>0x17629fff</arg>
  <severity>INFO</severity>
  <timestamp>Fri Sep 27 02:57:22 2019</timestamp>
</msg>
<msg id="149" tool="mc">
  <type>HEARTBEAT</type>
  <arg>18232,1968,16496,15324,14004</arg>
  <arg>0,1,1,1,1</arg>
  <arg>32249,0,0,0,0</arg>
  <severity>INFO</severity>
  <timestamp>Fri Sep 27 02:57:22 2019</timestamp>
</msg>
<msg id="150" tool="mc">
  <type>HEARTBEAT</type>
  <arg>18232,1968,16496,15324,14004</arg>
  <arg>0,1,1,1,1</arg>
  <arg>7270,0,0,0,0</arg>
  <severity>INFO</severity>
  <timestamp>Fri Sep 27 02:57:23 2019</timestamp>
</msg>
<msg id="151" tool="mc">
  <type>HEARTBEAT</type>
  <arg>18232,1968,16496,15324,14004</arg>
  <arg>0,1,1,1,1</arg>
  <arg>20278,0,0,0,0</arg>
  <severity>INFO</severity>
  <timestamp>Fri Sep 27 02:57:24 2019</timestamp>
</msg>
<msg id="152" tool="mc">
  <type>HEARTBEAT</type>
  <arg>18232,1968,16496,15324,14004</arg>
  <arg>0,1,1,1,1</arg>
  <arg>441057,0,0,0,0</arg>
  <severity>INFO</severity>
  <timestamp>Fri Sep 27 02:57:25 2019</timestamp>
</msg>
<msg id="153" tool="mc">
  <type>HEARTBEAT</type>
  <arg>18232,1968,16496,15324,14004,4732</arg>
  <arg>0,1,1,1,1,0</arg>
  <arg>375212,0,0,0,0,2180</arg>
  <severity>INFO</severity>
  <timestamp>Fri Sep 27 02:57:26 2019</timestamp>
</msg>
<msg id="154" tool="mc">
  <type>HEARTBEAT</type>
  <arg>18232,1968,16496,15324,14004,4732</arg>
  <arg>0,1,1,1,1,1</arg>
  <arg>3816,0,0,0,0,532</arg>
  <severity>INFO</severity>
  <timestamp>Fri Sep 27 02:57:27 2019</timestamp>
</msg>
<msg id="155" tool="mc">
  <type>HEARTBEAT</type>
  <arg>18232,1968,16496,15324,14004,4732,740,18148,13692</arg>
  <arg>0,1,1,1,1,1,1,1,1</arg>
  <arg>9851,0,0,0,0,687,2384,2803,2352</arg>
  <severity>INFO</severity>
  <timestamp>Fri Sep 27 02:57:28 2019</timestamp>
</msg>
<msg id="156" tool="mc">
  <type>HEARTBEAT</type>
  <arg>18232,1968,16496,15324,14004,4732,740,18148,13692,16932</arg>
  <arg>0,1,1,1,1,1,1,1,1,1</arg>
  <arg>30731,0,0,0,0,513,0,0,0,2449</arg>
  <severity>INFO</severity>
  <timestamp>Fri Sep 27 02:57:29 2019</timestamp>
</msg>
<msg id="157" tool="mc">
  <type>HEARTBEAT</type>
  <arg>18232,1968,16496,15324,14004,4732,740,18148,13692,16932</arg>
  <arg>0,1,1,1,1,1,1,1,1,1</arg>
  <arg>13635,0,0,0,0,570,0,0,0,54</arg>
  <severity>INFO</severity>
  <timestamp>Fri Sep 27 02:57:30 2019</timestamp>
</msg>
<msg id="158" tool="mc">
  <type>HEARTBEAT</type>
  <arg>18232,1968,16496,15324,14004,4732,740,18148,13692,16932,14624</arg>
  <arg>0,1,1,1,1,1,1,1,1,1,1</arg>
  <arg>17989,0,0,0,0,570,0,0,0,54,2446</arg>
  <severity>INFO</severity>
  <timestamp>Fri Sep 27 02:57:31 2019</timestamp>
</msg>
<msg id="159" tool="mc">
  <type>HEARTBEAT</type>
  <arg>18232,1968,16496,15324,14004,4732,740,18148,13692,16932,14624</arg>
  <arg>0,1,1,1,1,1,1,1,1,1,1</arg>
  <arg>1184195,0,0,0,0,513,0,0,0,54,0</arg>
  <severity>INFO</severity>
  <timestamp>Fri Sep 27 02:57:32 2019</timestamp>
</msg>
<msg id="160" tool="mc">
  <type>HEARTBEAT</type>
  <arg>18232,1968,16496,15324,14004,4732,740,18148,13692,16932,14624</arg>
  <arg>0,1,1,1,1,1,1,1,1,1,1</arg>
  <arg>170512,0,0,0,0,618,0,0,0,54,0</arg>
  <severity>INFO</severity>
  <timestamp>Fri Sep 27 02:57:33 2019</timestamp>
</msg>
<msg id="161" tool="mc">
  <type>HEARTBEAT</type>
  <arg>18232,1968,16496,15324,14004,4732,740,18148,13692,16932,14624,4184,6452,14556,14528,10744</arg>
  <arg>0,1,1,1,1,1,1,1,1,1,1,1,1,1,1,1</arg>
  <arg>261019,0,0,0,0,624,0,0,0,54,104,2277,2347,2385,2500,2397</arg>
  <severity>INFO</severity>
  <timestamp>Fri Sep 27 02:57:34 2019</timestamp>
</msg>
<msg id="162" tool="mc">
  <type>HEARTBEAT</type>
  <arg>18232,1968,16496,15324,14004,4732,740,18148,13692,16932,14624,4184,6452,14556,14528,10744</arg>
  <arg>0,1,1,1,1,1,1,1,1,1,1,1,1,1,1,1</arg>
  <arg>1288238,0,0,0,0,570,0,0,0,54,0,0,0,0,0,0</arg>
  <severity>INFO</severity>
  <timestamp>Fri Sep 27 02:57:35 2019</timestamp>
</msg>
<msg id="163" tool="mc">
  <type>PROCESS_COMPLETE</type>
  <arg>d:\github\myopencl\visual studio 2019 project\debug\myopencl.exe</arg>
  <arg>0</arg>
  <severity>INFO</severity>
  <timestamp>Fri Sep 27 02:57:42 2019</timestamp>
</msg>
<msg id="164" tool="mc">
  <type>MODULE_UNLOAD</type>
  <arg>D:\GitHub\MyOpenCL\Visual studio 2019 project\Debug\MyOpenCL.exe</arg>
  <severity>INFO</severity>
  <timestamp>Fri Sep 27 02:57:42 2019</timestamp>
</msg>
<msg id="165" tool="mc">
  <type>MODULE_UNLOAD</type>
  <arg>C:\Windows\SysWOW64\KernelBase.dll</arg>
  <severity>INFO</severity>
  <timestamp>Fri Sep 27 02:57:42 2019</timestamp>
</msg>
<msg id="166" tool="mc">
  <type>MODULE_UNLOAD</type>
  <arg>C:\Windows\SysWOW64\kernel32.dll</arg>
  <severity>INFO</severity>
  <timestamp>Fri Sep 27 02:57:42 2019</timestamp>
</msg>
<msg id="167" tool="mc">
  <type>MODULE_UNLOAD</type>
  <arg>C:\Windows\SysWOW64\ntdll.dll</arg>
  <severity>INFO</severity>
  <timestamp>Fri Sep 27 02:57:42 2019</timestamp>
</msg>
<msg id="168" tool="mc">
  <type>MODULE_UNLOAD</type>
  <arg>C:\Windows\SysWOW64\ucrtbased.dll</arg>
  <severity>INFO</severity>
  <timestamp>Fri Sep 27 02:57:42 2019</timestamp>
</msg>
<msg id="169" tool="mc">
  <type>MODULE_UNLOAD</type>
  <arg>C:\Windows\SysWOW64\msvcp140d.dll</arg>
  <severity>INFO</severity>
  <timestamp>Fri Sep 27 02:57:42 2019</timestamp>
</msg>
<msg id="170" tool="mc">
  <type>MODULE_UNLOAD</type>
  <arg>C:\Windows\SysWOW64\OpenCL.dll</arg>
  <severity>INFO</severity>
  <timestamp>Fri Sep 27 02:57:42 2019</timestamp>
</msg>
<msg id="171" tool="mc">
  <type>MODULE_UNLOAD</type>
  <arg>C:\Windows\SysWOW64\advapi32.dll</arg>
  <severity>INFO</severity>
  <timestamp>Fri Sep 27 02:57:42 2019</timestamp>
</msg>
<msg id="172" tool="mc">
  <type>MODULE_UNLOAD</type>
  <arg>C:\Windows\SysWOW64\msvcrt.dll</arg>
  <severity>INFO</severity>
  <timestamp>Fri Sep 27 02:57:42 2019</timestamp>
</msg>
<msg id="173" tool="mc">
  <type>MODULE_UNLOAD</type>
  <arg>C:\Windows\SysWOW64\vcruntime140d.dll</arg>
  <severity>INFO</severity>
  <timestamp>Fri Sep 27 02:57:42 2019</timestamp>
</msg>
<msg id="174" tool="mc">
  <type>MODULE_UNLOAD</type>
  <arg>C:\Windows\SysWOW64\sechost.dll</arg>
  <severity>INFO</severity>
  <timestamp>Fri Sep 27 02:57:42 2019</timestamp>
</msg>
<msg id="175" tool="mc">
  <type>MODULE_UNLOAD</type>
  <arg>C:\Windows\SysWOW64\rpcrt4.dll</arg>
  <severity>INFO</severity>
  <timestamp>Fri Sep 27 02:57:42 2019</timestamp>
</msg>
<msg id="176" tool="mc">
  <type>MODULE_UNLOAD</type>
  <arg>C:\Windows\SysWOW64\sspicli.dll</arg>
  <severity>INFO</severity>
  <timestamp>Fri Sep 27 02:57:42 2019</timestamp>
</msg>
<msg id="177" tool="mc">
  <type>MODULE_UNLOAD</type>
  <arg>C:\Windows\SysWOW64\cryptbase.dll</arg>
  <severity>INFO</severity>
  <timestamp>Fri Sep 27 02:57:42 2019</timestamp>
</msg>
<msg id="178" tool="mc">
  <type>MODULE_UNLOAD</type>
  <arg>C:\Windows\SysWOW64\bcryptprimitives.dll</arg>
  <severity>INFO</severity>
  <timestamp>Fri Sep 27 02:57:42 2019</timestamp>
</msg>
<msg id="179" tool="mc">
  <type>MODULE_UNLOAD</type>
  <arg>C:\Windows\SysWOW64\cfgmgr32.dll</arg>
  <severity>INFO</severity>
  <timestamp>Fri Sep 27 02:57:42 2019</timestamp>
</msg>
<msg id="180" tool="mc">
  <type>MODULE_UNLOAD</type>
  <arg>C:\Windows\SysWOW64\ucrtbase.dll</arg>
  <severity>INFO</severity>
  <timestamp>Fri Sep 27 02:57:42 2019</timestamp>
</msg>
<msg id="181" tool="mc">
  <type>MODULE_UNLOAD</type>
  <arg>C:\Windows\SysWOW64\ole32.dll</arg>
  <severity>INFO</severity>
  <timestamp>Fri Sep 27 02:57:42 2019</timestamp>
</msg>
<msg id="182" tool="mc">
  <type>MODULE_UNLOAD</type>
  <arg>C:\Windows\SysWOW64\combase.dll</arg>
  <severity>INFO</severity>
  <timestamp>Fri Sep 27 02:57:42 2019</timestamp>
</msg>
<msg id="183" tool="mc">
  <type>MODULE_UNLOAD</type>
  <arg>C:\Windows\SysWOW64\gdi32.dll</arg>
  <severity>INFO</severity>
  <timestamp>Fri Sep 27 02:57:42 2019</timestamp>
</msg>
<msg id="184" tool="mc">
  <type>MODULE_UNLOAD</type>
  <arg>C:\Windows\SysWOW64\win32u.dll</arg>
  <severity>INFO</severity>
  <timestamp>Fri Sep 27 02:57:42 2019</timestamp>
</msg>
<msg id="185" tool="mc">
  <type>MODULE_UNLOAD</type>
  <arg>C:\Windows\SysWOW64\gdi32full.dll</arg>
  <severity>INFO</severity>
  <timestamp>Fri Sep 27 02:57:42 2019</timestamp>
</msg>
<msg id="186" tool="mc">
  <type>MODULE_UNLOAD</type>
  <arg>C:\Windows\SysWOW64\msvcp_win.dll</arg>
  <severity>INFO</severity>
  <timestamp>Fri Sep 27 02:57:42 2019</timestamp>
</msg>
<msg id="187" tool="mc">
  <type>MODULE_UNLOAD</type>
  <arg>C:\Windows\SysWOW64\user32.dll</arg>
  <severity>INFO</severity>
  <timestamp>Fri Sep 27 02:57:42 2019</timestamp>
</msg>
<msg id="188" tool="mc">
  <type>MODULE_UNLOAD</type>
  <arg>C:\Windows\SysWOW64\imm32.dll</arg>
  <severity>INFO</severity>
  <timestamp>Fri Sep 27 02:57:42 2019</timestamp>
</msg>
<msg id="189" tool="mc">
  <type>MODULE_UNLOAD</type>
  <arg>C:\Windows\System32\DriverStore\FileRepository\nvami.inf_amd64_647dff284c83a66c\nvopencl32.dll</arg>
  <severity>INFO</severity>
  <timestamp>Fri Sep 27 02:57:42 2019</timestamp>
</msg>
<msg id="190" tool="mc">
  <type>MODULE_UNLOAD</type>
  <arg>C:\Windows\SysWOW64\shell32.dll</arg>
  <severity>INFO</severity>
  <timestamp>Fri Sep 27 02:57:42 2019</timestamp>
</msg>
<msg id="191" tool="mc">
  <type>MODULE_UNLOAD</type>
  <arg>C:\Windows\SysWOW64\version.dll</arg>
  <severity>INFO</severity>
  <timestamp>Fri Sep 27 02:57:42 2019</timestamp>
</msg>
<msg id="192" tool="mc">
  <type>MODULE_UNLOAD</type>
  <arg>C:\Windows\SysWOW64\SHCore.dll</arg>
  <severity>INFO</severity>
  <timestamp>Fri Sep 27 02:57:42 2019</timestamp>
</msg>
<msg id="193" tool="mc">
  <type>MODULE_UNLOAD</type>
  <arg>C:\Windows\SysWOW64\windows.storage.dll</arg>
  <severity>INFO</severity>
  <timestamp>Fri Sep 27 02:57:42 2019</timestamp>
</msg>
<msg id="194" tool="mc">
  <type>MODULE_UNLOAD</type>
  <arg>C:\Windows\SysWOW64\profapi.dll</arg>
  <severity>INFO</severity>
  <timestamp>Fri Sep 27 02:57:42 2019</timestamp>
</msg>
<msg id="195" tool="mc">
  <type>MODULE_UNLOAD</type>
  <arg>C:\Windows\SysWOW64\powrprof.dll</arg>
  <severity>INFO</severity>
  <timestamp>Fri Sep 27 02:57:42 2019</timestamp>
</msg>
<msg id="196" tool="mc">
  <type>MODULE_UNLOAD</type>
  <arg>C:\Windows\SysWOW64\umpdc.dll</arg>
  <severity>INFO</severity>
  <timestamp>Fri Sep 27 02:57:42 2019</timestamp>
</msg>
<msg id="197" tool="mc">
  <type>MODULE_UNLOAD</type>
  <arg>C:\Windows\SysWOW64\shlwapi.dll</arg>
  <severity>INFO</severity>
  <timestamp>Fri Sep 27 02:57:42 2019</timestamp>
</msg>
<msg id="198" tool="mc">
  <type>MODULE_UNLOAD</type>
  <arg>C:\Windows\SysWOW64\kernel.appcore.dll</arg>
  <severity>INFO</severity>
  <timestamp>Fri Sep 27 02:57:42 2019</timestamp>
</msg>
<msg id="199" tool="mc">
  <type>MODULE_UNLOAD</type>
  <arg>C:\Windows\SysWOW64\cryptsp.dll</arg>
  <severity>INFO</severity>
  <timestamp>Fri Sep 27 02:57:42 2019</timestamp>
</msg>
<msg id="200" tool="mc">
  <type>MODULE_UNLOAD</type>
  <arg>C:\Windows\SysWOW64\setupapi.dll</arg>
  <severity>INFO</severity>
  <timestamp>Fri Sep 27 02:57:42 2019</timestamp>
</msg>
<msg id="201" tool="mc">
  <type>MODULE_UNLOAD</type>
  <arg>C:\Windows\SysWOW64\bcrypt.dll</arg>
  <severity>INFO</severity>
  <timestamp>Fri Sep 27 02:57:42 2019</timestamp>
</msg>
<msg id="202" tool="mc">
  <type>MODULE_UNLOAD</type>
  <arg>C:\Windows\SysWOW64\ws2_32.dll</arg>
  <severity>INFO</severity>
  <timestamp>Fri Sep 27 02:57:42 2019</timestamp>
</msg>
<msg id="203" tool="mc">
  <type>MODULE_UNLOAD</type>
  <arg>C:\Windows\SysWOW64\uxtheme.dll</arg>
  <severity>INFO</severity>
  <timestamp>Fri Sep 27 02:57:42 2019</timestamp>
</msg>
<msg id="204" tool="mc">
  <type>MODULE_UNLOAD</type>
  <arg>C:\Windows\SysWOW64\DXCore.dll</arg>
  <severity>INFO</severity>
  <timestamp>Fri Sep 27 02:57:42 2019</timestamp>
</msg>
<msg id="205" tool="mc">
  <type>MODULE_UNLOAD</type>
  <arg>C:\Windows\SysWOW64\nvapi.dll</arg>
  <severity>INFO</severity>
  <timestamp>Fri Sep 27 02:57:42 2019</timestamp>
</msg>
<msg id="206" tool="mc">
  <type>MODULE_UNLOAD</type>
  <arg>C:\Windows\SysWOW64\dxgi.dll</arg>
  <severity>INFO</severity>
  <timestamp>Fri Sep 27 02:57:42 2019</timestamp>
</msg>
<msg id="207" tool="mc">
  <type>MODULE_UNLOAD</type>
  <arg>C:\Windows\SysWOW64\mscms.dll</arg>
  <severity>INFO</severity>
  <timestamp>Fri Sep 27 02:57:42 2019</timestamp>
</msg>
<msg id="208" tool="mc">
  <type>MODULE_UNLOAD</type>
  <arg>C:\Windows\SysWOW64\userenv.dll</arg>
  <severity>INFO</severity>
  <timestamp>Fri Sep 27 02:57:42 2019</timestamp>
</msg>
<msg id="209" tool="mc">
  <type>MODULE_UNLOAD</type>
  <arg>C:\Windows\SysWOW64\coloradapterclient.dll</arg>
  <severity>INFO</severity>
  <timestamp>Fri Sep 27 02:57:42 2019</timestamp>
</msg>
<msg id="210" tool="mc">
  <type>MODULE_UNLOAD</type>
  <arg>C:\Windows\SysWOW64\oleaut32.dll</arg>
  <severity>INFO</severity>
  <timestamp>Fri Sep 27 02:57:42 2019</timestamp>
</msg>
<msg id="211" tool="mc">
  <type>MODULE_UNLOAD</type>
  <arg>C:\Windows\SysWOW64\IntelOpenCL32.dll</arg>
  <severity>INFO</severity>
  <timestamp>Fri Sep 27 02:57:42 2019</timestamp>
</msg>
<msg id="212" tool="mc">
  <type>MODULE_UNLOAD</type>
  <arg>C:\Program Files (x86)\Common Files\Intel\OpenCL\bin\x86\intelocl32.dll</arg>
  <severity>INFO</severity>
  <timestamp>Fri Sep 27 02:57:42 2019</timestamp>
</msg>
<msg id="213" tool="mc">
  <type>MODULE_UNLOAD</type>
  <arg>C:\Windows\SysWOW64\opengl32.dll</arg>
  <severity>INFO</severity>
  <timestamp>Fri Sep 27 02:57:42 2019</timestamp>
</msg>
<msg id="214" tool="mc">
  <type>MODULE_UNLOAD</type>
  <arg>C:\Windows\SysWOW64\glu32.dll</arg>
  <severity>INFO</severity>
  <timestamp>Fri Sep 27 02:57:42 2019</timestamp>
</msg>
<msg id="215" tool="mc">
  <type>MODULE_UNLOAD</type>
  <arg>C:\Program Files (x86)\Common Files\Intel\OpenCL\bin\x86\task_executor32.dll</arg>
  <severity>INFO</severity>
  <timestamp>Fri Sep 27 02:57:42 2019</timestamp>
</msg>
<msg id="216" tool="mc">
  <type>MODULE_UNLOAD</type>
  <arg>C:\Program Files (x86)\IntelSWTools\Inspector 2019\bin32\runtime\libittnotify.dll</arg>
  <severity>INFO</severity>
  <timestamp>Fri Sep 27 02:57:42 2019</timestamp>
</msg>
<msg id="217" tool="mc">
  <type>MODULE_UNLOAD</type>
  <arg>C:\Program Files (x86)\Common Files\Intel\OpenCL\bin\x86\cpu_device32.dll</arg>
  <severity>INFO</severity>
  <timestamp>Fri Sep 27 02:57:42 2019</timestamp>
</msg>
<msg id="218" tool="mc">
  <type>MODULE_UNLOAD</type>
  <arg>C:\Windows\SysWOW64\igdrcl32.dll</arg>
  <severity>INFO</severity>
  <timestamp>Fri Sep 27 02:57:42 2019</timestamp>
</msg>
<msg id="219" tool="mc">
  <type>MODULE_UNLOAD</type>
  <arg>C:\Windows\SysWOW64\igdfcl32.dll</arg>
  <severity>INFO</severity>
  <timestamp>Fri Sep 27 02:57:42 2019</timestamp>
</msg>
<msg id="220" tool="mc">
  <type>MODULE_UNLOAD</type>
  <arg>C:\Windows\SysWOW64\igdmcl32.dll</arg>
  <severity>INFO</severity>
  <timestamp>Fri Sep 27 02:57:42 2019</timestamp>
</msg>
<msg id="221" tool="mc">
  <type>MODULE_UNLOAD</type>
  <arg>C:\Windows\SysWOW64\dbghelp.dll</arg>
  <severity>INFO</severity>
  <timestamp>Fri Sep 27 02:57:42 2019</timestamp>
</msg>
<msg id="222" tool="mc">
  <type>MODULE_UNLOAD</type>
  <arg>C:\Windows\SysWOW64\igdbcl32.dll</arg>
  <severity>INFO</severity>
  <timestamp>Fri Sep 27 02:57:42 2019</timestamp>
</msg>
<msg id="223" tool="mc">
  <type>MODULE_UNLOAD</type>
  <arg>C:\Windows\SysWOW64\igdusc32.dll</arg>
  <severity>INFO</severity>
  <timestamp>Fri Sep 27 02:57:42 2019</timestamp>
</msg>
<msg id="224" tool="mc">
  <type>MODULE_UNLOAD</type>
  <arg>C:\Program Files (x86)\AMD APP SDK\3.0\bin\x86\amdocl.dll</arg>
  <severity>INFO</severity>
  <timestamp>Fri Sep 27 02:57:42 2019</timestamp>
</msg>
<msg id="225" tool="mc">
  <type>MODULE_UNLOAD</type>
  <arg>C:\Program Files (x86)\AMD APP SDK\3.0\bin\x86\amdocl12cl.dll</arg>
  <severity>INFO</severity>
  <timestamp>Fri Sep 27 02:57:42 2019</timestamp>
</msg>
<msg id="226" tool="mc">
  <type>MODULE_UNLOAD</type>
  <arg>C:\Windows\SysWOW64\winmm.dll</arg>
  <severity>INFO</severity>
  <timestamp>Fri Sep 27 02:57:42 2019</timestamp>
</msg>
<msg id="227" tool="mc">
  <type>MODULE_UNLOAD</type>
  <arg>C:\Windows\SysWOW64\winmmbase.dll</arg>
  <severity>INFO</severity>
  <timestamp>Fri Sep 27 02:57:42 2019</timestamp>
</msg>
<msg id="228" tool="mc">
  <type>MODULE_UNLOAD</type>
  <arg>C:\Windows\SysWOW64\dwmapi.dll</arg>
  <severity>INFO</severity>
  <timestamp>Fri Sep 27 02:57:42 2019</timestamp>
</msg>
<msg id="229" tool="mc">
  <type>MODULE_UNLOAD</type>
  <arg>C:\Windows\SysWOW64\devobj.dll</arg>
  <severity>INFO</severity>
  <timestamp>Fri Sep 27 02:57:42 2019</timestamp>
</msg>
<msg id="230" tool="mc">
  <type>MODULE_UNLOAD</type>
  <arg>C:\Windows\SysWOW64\wintrust.dll</arg>
  <severity>INFO</severity>
  <timestamp>Fri Sep 27 02:57:42 2019</timestamp>
</msg>
<msg id="231" tool="mc">
  <type>MODULE_UNLOAD</type>
  <arg>C:\Windows\SysWOW64\msasn1.dll</arg>
  <severity>INFO</severity>
  <timestamp>Fri Sep 27 02:57:42 2019</timestamp>
</msg>
<msg id="232" tool="mc">
  <type>MODULE_UNLOAD</type>
  <arg>C:\Windows\SysWOW64\crypt32.dll</arg>
  <severity>INFO</severity>
  <timestamp>Fri Sep 27 02:57:42 2019</timestamp>
</msg>
<msg id="233" tool="mc">
  <type>MODULE_UNLOAD</type>
  <arg>C:\Windows\SysWOW64\IntelOpenCLProfiler.dll</arg>
  <severity>INFO</severity>
  <timestamp>Fri Sep 27 02:57:42 2019</timestamp>
</msg>
<msg id="234" tool="mc">
  <type>ANALYSIS_COMPLETE</type>
  <arg>d:\github\myopencl\visual studio 2019 project\debug\myopencl.exe</arg>
  <severity>INFO</severity>
  <timestamp>Fri Sep 27 02:57:43 2019</timestamp>
</msg>
<msg id="235" tool="runtool">
  <type>app-exit-code</type>
  <arg>0</arg>
</msg>
<msg id="236" tool="runtool">
  <type>marker-file</type>
  <arg>D:\GitHub\MyOpenCL\Visual studio 2019 project\MyOpenCL\My Inspector Results - MyOpenCL\r001mi2\r001mi2.inspxe</arg>
</msg>
<msg id="237" tool="runtool">
  <type>collector-done</type>
</msg>
<msg id="238" tool="runtool">
  <type>log-end</type>
  <arg>2019/09/27 02:57:47</arg>
</msg>

</log>

