<?xml version="1.0" encoding="utf-8" ?>
<!-- DO NOT EDIT THIS FILE -->

<log version='2.0' source='mc'>
	<!-- Successfully loaded CCRT at address 0x7c000000 - 0x7c303000 -->
	<!-- Successfully loaded MC at address 0x7b3f0000 - 0x7bfab000 -->
	<!-- Analysis started for d:\github\myopencl\visual studio 2019 project\debug\myopencl.exe, pid = 18016 -->
	<msg id='1' source='mc'>
		<type>EXEC_OF_INTEREST</type>
		<severity>INFO</severity>
		<timestamp>Fri Sep 27 04:37:23 2019</timestamp>
		<arg name='path'>d:\github\myopencl\visual studio 2019 project\debug\myopencl.exe</arg>
		<arg name='pid'>18016</arg>
	</msg>
	<!-- Command line: C:\Program Files (x86)\IntelSWTools\Inspector 2019\bin32\pin -xyzzy -mesgoff console -xyzzy -bridge_save_x87 0 -bridge_save_mxcsr 0 -follow_execv -error_file D:\GitHub\MyOpenCL\Visual studio 2019 project\MyOpenCL\My Inspector Results - MyOpenCL\r004mi1\data.0\pin_error.log -logfile D:\GitHub\MyOpenCL\Visual studio 2019 project\MyOpenCL\My Inspector Results - MyOpenCL\r004mi1\data.0\pin.log -xyzzy -region_max_inss 500 -p64 C:\Program Files (x86)\IntelSWTools\Inspector 2019\bin64\pin -t64 C:\Program Files (x86)\IntelSWTools\Inspector 2019\bin64\memchkr.dll -t C:\Program Files (x86)\IntelSWTools\Inspector 2019\bin32\memchkr.dll -no-analyze-stack -no-access-checks -leak-check-on-exit -leak-check-report-reachable -check-resource-leaks -freelist-vol 0 -leak-maximum 100000 -guard-zone-size 0 -stack-depth 8 -heartbeat 1 -mrte-mode auto -working-dir D:\GitHub\MyOpenCL\Visual studio 2019 project\MyOpenCL\My Inspector Results - MyOpenCL\r004mi1\data.0 -log mc_MyOpenCL.log -result MyOpenCL - D:\GitHub\MyOpenCL\Visual studio 2019 project\Debug\MyOpenCL.exe  -->
	<!-- mc's options are the following:  -->
	<!-- -help                              false -->
	<!-- -verbose                           false -->
	<!-- -xyzzy                             false -->
	<!-- -version                           false -->
	<!-- -help-all                          false -->
	<!-- -xyzzy-all                         false -->
	<!-- -report-all-instances              false -->
	<!-- -check-for-padded-structures       true -->
	<!-- -check-for-bitfields               true -->
	<!-- -analyze-stack                     false -->
	<!-- -access-checks                     false -->
	<!-- -track-origins                     true -->
	<!-- -duplicate-uninits                 false -->
	<!-- -bss-initialized                   true -->
	<!-- -align-alloc-size                  false -->
	<!-- -report-uninit-read                false -->
	<!-- -ignore-system-libraries           false -->
	<!-- -gen-suppressions                  false -->
	<!-- -leak-check-on-exit                true -->
	<!-- -leak-check-on-demand              false -->
	<!-- -leak-check-uses-baseline          true -->
	<!-- -enable-memory-growth              false -->
	<!-- -leak-check-report-reachable       true -->
	<!-- -leak-check-full                   true -->
	<!-- -check-resource-leaks              true -->
	<!-- -trace-children                    false -->
	<!-- -enable-poke                       false -->
	<!-- -jit-mode-anyway                   false -->
	<!-- -disable-probe-mode-mismatches-64  true -->
	<!-- -aggressive-callstack-caching      false -->
	<!-- -suppress-breakpoints              false -->
	<!-- -monitor-memory                    false -->
	<!-- -freelist-vol                      0 -->
	<!-- -leak-maximum                      100000 -->
	<!-- -guard-zone-size                   0 -->
	<!-- -stack-depth                       8 -->
	<!-- -heartbeat                         1 -->
	<!-- -breakpoint-file                   (null) -->
	<!-- -config-file                       (null) -->
	<!-- -log                               mc_MyOpenCL.log -->
	<!-- -ignore-commands                   (null),  -->
	<!-- -ignore-modules                    (null),  -->
	<!-- -ignore-symbols                    (null),  -->
	<!-- -module-of-interest                (null),  -->
	<!-- -executable-of-interest            (null),  -->
	<!-- -working-dir                       D:\GitHub\MyOpenCL\Visual studio 2019 project\MyOpenCL\My Inspector Results - MyOpenCL\r004mi1\data.0 -->
	<!-- -result                            MyOpenCL -->
	<!-- -exclude-module                    (null),  -->
	<!-- -include-module                    (null),  -->
	<!-- -only-exec-commands                (null),  -->
	<!-- -suppressions                      (null),  -->
	<!-- -debug                             none -->
	<!-- -shared-mem-name                   (null) -->
	<!-- -poke-function                     (null),  -->
	<!-- -analysis-mode                     (null) -->
	<!-- -disable-gatekeeping               false -->
	<!-- -ignore-os-allocators              false -->
	<!-- -mrte-mode                         auto -->
	<!-- probe mode: yes -->
	<!-- mem leaks checks: yes -->
	<!-- res leaks checks: yes -->
	<!-- access checks: no -->
	<!-- track origin: no -->
	<!-- Environment: INTEL_LIBITTNOTIFY32=C:\Program Files (x86)\IntelSWTools\Inspector 2019\bin32\runtime\libittnotify.dll -->
	<!-- Environment: INTEL_LIBITTNOTIFY64=C:\Program Files (x86)\IntelSWTools\Inspector 2019\bin64\runtime\libittnotify.dll -->
	<!-- Environment: INTEL_JIT_PROFILER32=C:\Program Files (x86)\IntelSWTools\Inspector 2019\bin32\runtime\libittnotify.dll -->
	<!-- Environment: INTEL_JIT_PROFILER64=C:\Program Files (x86)\IntelSWTools\Inspector 2019\bin64\runtime\libittnotify.dll -->
	<!-- DIAG: 1 -->
	<!-- Module loaded d:\github\myopencl\visual studio 2019 project\debug\myopencl.exe, address range [0x00570000-0x0059afff] -->
	<msg id='2' source='mc'>
		<type>MODULE_LOAD</type>
		<severity>INFO</severity>
		<timestamp>Fri Sep 27 04:37:23 2019</timestamp>
		<arg name='path'>d:\github\myopencl\visual studio 2019 project\debug\myopencl.exe</arg>
		<arg name='addr1'>0x570000</arg>
		<arg name='addr2'>0x59afff</arg>
	</msg>
	<!-- Module loaded c:\windows\syswow64\kernelbase.dll, address range [0x75280000-0x7547bfff], minimal analysis -->
	<msg id='3' source='mc'>
		<type>MODULE_LOAD_NO_ANALYSIS</type>
		<severity>INFO</severity>
		<timestamp>Fri Sep 27 04:37:24 2019</timestamp>
		<arg name='path'>c:\windows\syswow64\kernelbase.dll</arg>
		<arg name='addr1'>0x75280000</arg>
		<arg name='addr2'>0x7547bfff</arg>
	</msg>
	<!-- entry point not safe for probe insertion in kernel32.dll -->
	<!-- Module loaded c:\windows\syswow64\kernel32.dll, address range [0x76570000-0x7664ffff], minimal analysis -->
	<msg id='4' source='mc'>
		<type>MODULE_LOAD_NO_ANALYSIS</type>
		<severity>INFO</severity>
		<timestamp>Fri Sep 27 04:37:24 2019</timestamp>
		<arg name='path'>c:\windows\syswow64\kernel32.dll</arg>
		<arg name='addr1'>0x76570000</arg>
		<arg name='addr2'>0x7664ffff</arg>
	</msg>
	<!-- Module loaded c:\windows\syswow64\ntdll.dll, address range [0x76f40000-0x770d9fff], minimal analysis -->
	<msg id='5' source='mc'>
		<type>MODULE_LOAD_NO_ANALYSIS</type>
		<severity>INFO</severity>
		<timestamp>Fri Sep 27 04:37:24 2019</timestamp>
		<arg name='path'>c:\windows\syswow64\ntdll.dll</arg>
		<arg name='addr1'>0x76f40000</arg>
		<arg name='addr2'>0x770d9fff</arg>
	</msg>
	<!-- Module loaded c:\program files (x86)\intelswtools\inspector 2019\bin32\dnclrprofinfo.dll, address range [0x55e80000-0x55ea4fff] -->
	<msg id='6' source='mc'>
		<type>MODULE_LOAD</type>
		<severity>INFO</severity>
		<timestamp>Fri Sep 27 04:37:24 2019</timestamp>
		<arg name='path'>c:\program files (x86)\intelswtools\inspector 2019\bin32\dnclrprofinfo.dll</arg>
		<arg name='addr1'>0x55e80000</arg>
		<arg name='addr2'>0x55ea4fff</arg>
	</msg>
	<!-- Module loaded c:\windows\syswow64\opencl.dll, address range [0x03d00000-0x03d6efff] -->
	<msg id='7' source='mc'>
		<type>MODULE_LOAD</type>
		<severity>INFO</severity>
		<timestamp>Fri Sep 27 04:37:24 2019</timestamp>
		<arg name='path'>c:\windows\syswow64\opencl.dll</arg>
		<arg name='addr1'>0x3d00000</arg>
		<arg name='addr2'>0x3d6efff</arg>
	</msg>
	<!-- Module loaded c:\windows\syswow64\advapi32.dll, address range [0x75b30000-0x75ba8fff], minimal analysis -->
	<msg id='8' source='mc'>
		<type>MODULE_LOAD_NO_ANALYSIS</type>
		<severity>INFO</severity>
		<timestamp>Fri Sep 27 04:37:24 2019</timestamp>
		<arg name='path'>c:\windows\syswow64\advapi32.dll</arg>
		<arg name='addr1'>0x75b30000</arg>
		<arg name='addr2'>0x75ba8fff</arg>
	</msg>
	<!-- Module loaded c:\windows\syswow64\msvcrt.dll, address range [0x76850000-0x7690efff], minimal analysis -->
	<msg id='9' source='mc'>
		<type>MODULE_LOAD_NO_ANALYSIS</type>
		<severity>INFO</severity>
		<timestamp>Fri Sep 27 04:37:24 2019</timestamp>
		<arg name='path'>c:\windows\syswow64\msvcrt.dll</arg>
		<arg name='addr1'>0x76850000</arg>
		<arg name='addr2'>0x7690efff</arg>
	</msg>
	<!-- Module loaded c:\windows\syswow64\sechost.dll, address range [0x74ac0000-0x74b35fff] -->
	<msg id='10' source='mc'>
		<type>MODULE_LOAD</type>
		<severity>INFO</severity>
		<timestamp>Fri Sep 27 04:37:24 2019</timestamp>
		<arg name='path'>c:\windows\syswow64\sechost.dll</arg>
		<arg name='addr1'>0x74ac0000</arg>
		<arg name='addr2'>0x74b35fff</arg>
	</msg>
	<!-- Module loaded c:\windows\syswow64\rpcrt4.dll, address range [0x759a0000-0x75a5afff], minimal analysis -->
	<msg id='11' source='mc'>
		<type>MODULE_LOAD_NO_ANALYSIS</type>
		<severity>INFO</severity>
		<timestamp>Fri Sep 27 04:37:24 2019</timestamp>
		<arg name='path'>c:\windows\syswow64\rpcrt4.dll</arg>
		<arg name='addr1'>0x759a0000</arg>
		<arg name='addr2'>0x75a5afff</arg>
	</msg>
	<!-- Module loaded c:\windows\syswow64\sspicli.dll, address range [0x74710000-0x7472ffff], minimal analysis -->
	<msg id='12' source='mc'>
		<type>MODULE_LOAD_NO_ANALYSIS</type>
		<severity>INFO</severity>
		<timestamp>Fri Sep 27 04:37:24 2019</timestamp>
		<arg name='path'>c:\windows\syswow64\sspicli.dll</arg>
		<arg name='addr1'>0x74710000</arg>
		<arg name='addr2'>0x7472ffff</arg>
	</msg>
	<!-- Module loaded c:\windows\syswow64\cryptbase.dll, address range [0x74700000-0x74709fff], minimal analysis -->
	<msg id='13' source='mc'>
		<type>MODULE_LOAD_NO_ANALYSIS</type>
		<severity>INFO</severity>
		<timestamp>Fri Sep 27 04:37:24 2019</timestamp>
		<arg name='path'>c:\windows\syswow64\cryptbase.dll</arg>
		<arg name='addr1'>0x74700000</arg>
		<arg name='addr2'>0x74709fff</arg>
	</msg>
	<!-- Module loaded c:\windows\syswow64\bcryptprimitives.dll, address range [0x76dc0000-0x76e1efff], minimal analysis -->
	<msg id='14' source='mc'>
		<type>MODULE_LOAD_NO_ANALYSIS</type>
		<severity>INFO</severity>
		<timestamp>Fri Sep 27 04:37:24 2019</timestamp>
		<arg name='path'>c:\windows\syswow64\bcryptprimitives.dll</arg>
		<arg name='addr1'>0x76dc0000</arg>
		<arg name='addr2'>0x76e1efff</arg>
	</msg>
	<!-- Module loaded c:\windows\syswow64\cfgmgr32.dll, address range [0x76530000-0x7656afff] -->
	<msg id='15' source='mc'>
		<type>MODULE_LOAD</type>
		<severity>INFO</severity>
		<timestamp>Fri Sep 27 04:37:24 2019</timestamp>
		<arg name='path'>c:\windows\syswow64\cfgmgr32.dll</arg>
		<arg name='addr1'>0x76530000</arg>
		<arg name='addr2'>0x7656afff</arg>
	</msg>
	<!-- Module loaded c:\windows\syswow64\ucrtbase.dll, address range [0x74b40000-0x74c5efff] -->
	<msg id='16' source='mc'>
		<type>MODULE_LOAD</type>
		<severity>INFO</severity>
		<timestamp>Fri Sep 27 04:37:24 2019</timestamp>
		<arg name='path'>c:\windows\syswow64\ucrtbase.dll</arg>
		<arg name='addr1'>0x74b40000</arg>
		<arg name='addr2'>0x74c5efff</arg>
	</msg>
	<!-- Module loaded c:\windows\syswow64\ole32.dll, address range [0x762c0000-0x763b6fff], minimal analysis -->
	<msg id='17' source='mc'>
		<type>MODULE_LOAD_NO_ANALYSIS</type>
		<severity>INFO</severity>
		<timestamp>Fri Sep 27 04:37:24 2019</timestamp>
		<arg name='path'>c:\windows\syswow64\ole32.dll</arg>
		<arg name='addr1'>0x762c0000</arg>
		<arg name='addr2'>0x763b6fff</arg>
	</msg>
	<!-- Module loaded c:\windows\syswow64\combase.dll, address range [0x76a90000-0x76d05fff], minimal analysis -->
	<msg id='18' source='mc'>
		<type>MODULE_LOAD_NO_ANALYSIS</type>
		<severity>INFO</severity>
		<timestamp>Fri Sep 27 04:37:25 2019</timestamp>
		<arg name='path'>c:\windows\syswow64\combase.dll</arg>
		<arg name='addr1'>0x76a90000</arg>
		<arg name='addr2'>0x76d05fff</arg>
	</msg>
	<!-- Module loaded c:\windows\syswow64\gdi32.dll, address range [0x76820000-0x76840fff], minimal analysis -->
	<msg id='19' source='mc'>
		<type>MODULE_LOAD_NO_ANALYSIS</type>
		<severity>INFO</severity>
		<timestamp>Fri Sep 27 04:37:25 2019</timestamp>
		<arg name='path'>c:\windows\syswow64\gdi32.dll</arg>
		<arg name='addr1'>0x76820000</arg>
		<arg name='addr2'>0x76840fff</arg>
	</msg>
	<!-- Module loaded c:\windows\syswow64\win32u.dll, address range [0x76740000-0x76756fff] -->
	<msg id='20' source='mc'>
		<type>MODULE_LOAD</type>
		<severity>INFO</severity>
		<timestamp>Fri Sep 27 04:37:25 2019</timestamp>
		<arg name='path'>c:\windows\syswow64\win32u.dll</arg>
		<arg name='addr1'>0x76740000</arg>
		<arg name='addr2'>0x76756fff</arg>
	</msg>
	<!-- Module loaded c:\windows\syswow64\gdi32full.dll, address range [0x76130000-0x76289fff], minimal analysis -->
	<msg id='21' source='mc'>
		<type>MODULE_LOAD_NO_ANALYSIS</type>
		<severity>INFO</severity>
		<timestamp>Fri Sep 27 04:37:25 2019</timestamp>
		<arg name='path'>c:\windows\syswow64\gdi32full.dll</arg>
		<arg name='addr1'>0x76130000</arg>
		<arg name='addr2'>0x76289fff</arg>
	</msg>
	<!-- Module loaded c:\windows\syswow64\msvcp_win.dll, address range [0x766c0000-0x7673bfff] -->
	<msg id='22' source='mc'>
		<type>MODULE_LOAD</type>
		<severity>INFO</severity>
		<timestamp>Fri Sep 27 04:37:25 2019</timestamp>
		<arg name='path'>c:\windows\syswow64\msvcp_win.dll</arg>
		<arg name='addr1'>0x766c0000</arg>
		<arg name='addr2'>0x7673bfff</arg>
	</msg>
	<!-- Module loaded c:\windows\syswow64\user32.dll, address range [0x74920000-0x74ab4fff], minimal analysis -->
	<msg id='23' source='mc'>
		<type>MODULE_LOAD_NO_ANALYSIS</type>
		<severity>INFO</severity>
		<timestamp>Fri Sep 27 04:37:25 2019</timestamp>
		<arg name='path'>c:\windows\syswow64\user32.dll</arg>
		<arg name='addr1'>0x74920000</arg>
		<arg name='addr2'>0x74ab4fff</arg>
	</msg>
	<!-- Module loaded c:\windows\syswow64\msvcp140d.dll, address range [0x78a40000-0x78af7fff] -->
	<msg id='24' source='mc'>
		<type>MODULE_LOAD</type>
		<severity>INFO</severity>
		<timestamp>Fri Sep 27 04:37:26 2019</timestamp>
		<arg name='path'>c:\windows\syswow64\msvcp140d.dll</arg>
		<arg name='addr1'>0x78a40000</arg>
		<arg name='addr2'>0x78af7fff</arg>
	</msg>
	<!-- Module loaded c:\windows\syswow64\vcruntime140d.dll, address range [0x55e60000-0x55e7afff] -->
	<msg id='25' source='mc'>
		<type>MODULE_LOAD</type>
		<severity>INFO</severity>
		<timestamp>Fri Sep 27 04:37:26 2019</timestamp>
		<arg name='path'>c:\windows\syswow64\vcruntime140d.dll</arg>
		<arg name='addr1'>0x55e60000</arg>
		<arg name='addr2'>0x55e7afff</arg>
	</msg>
	<!-- Module loaded c:\windows\syswow64\ucrtbased.dll, address range [0x78b20000-0x78c94fff] -->
	<msg id='26' source='mc'>
		<type>MODULE_LOAD</type>
		<severity>INFO</severity>
		<timestamp>Fri Sep 27 04:37:26 2019</timestamp>
		<arg name='path'>c:\windows\syswow64\ucrtbased.dll</arg>
		<arg name='addr1'>0x78b20000</arg>
		<arg name='addr2'>0x78c94fff</arg>
	</msg>
	<!-- Module loaded c:\windows\syswow64\imm32.dll, address range [0x76290000-0x762b4fff], minimal analysis -->
	<msg id='27' source='mc'>
		<type>MODULE_LOAD_NO_ANALYSIS</type>
		<severity>INFO</severity>
		<timestamp>Fri Sep 27 04:37:26 2019</timestamp>
		<arg name='path'>c:\windows\syswow64\imm32.dll</arg>
		<arg name='addr1'>0x76290000</arg>
		<arg name='addr2'>0x762b4fff</arg>
	</msg>
	<!-- Module loaded c:\windows\system32\driverstore\filerepository\nvami.inf_amd64_647dff284c83a66c\nvopencl32.dll, address range [0x78ca0000-0x7a933fff] -->
	<msg id='28' source='mc'>
		<type>MODULE_LOAD</type>
		<severity>INFO</severity>
		<timestamp>Fri Sep 27 04:37:26 2019</timestamp>
		<arg name='path'>c:\windows\system32\driverstore\filerepository\nvami.inf_amd64_647dff284c83a66c\nvopencl32.dll</arg>
		<arg name='addr1'>0x78ca0000</arg>
		<arg name='addr2'>0x7a933fff</arg>
	</msg>
	<!-- Module loaded c:\windows\syswow64\shell32.dll, address range [0x75bb0000-0x76127fff], minimal analysis -->
	<msg id='29' source='mc'>
		<type>MODULE_LOAD_NO_ANALYSIS</type>
		<severity>INFO</severity>
		<timestamp>Fri Sep 27 04:37:26 2019</timestamp>
		<arg name='path'>c:\windows\syswow64\shell32.dll</arg>
		<arg name='addr1'>0x75bb0000</arg>
		<arg name='addr2'>0x76127fff</arg>
	</msg>
	<!-- Module loaded c:\windows\syswow64\shcore.dll, address range [0x747f0000-0x74873fff], minimal analysis -->
	<msg id='30' source='mc'>
		<type>MODULE_LOAD_NO_ANALYSIS</type>
		<severity>INFO</severity>
		<timestamp>Fri Sep 27 04:37:27 2019</timestamp>
		<arg name='path'>c:\windows\syswow64\shcore.dll</arg>
		<arg name='addr1'>0x747f0000</arg>
		<arg name='addr2'>0x74873fff</arg>
	</msg>
	<!-- Module loaded c:\windows\syswow64\windows.storage.dll, address range [0x74c60000-0x75223fff] -->
	<msg id='31' source='mc'>
		<type>MODULE_LOAD</type>
		<severity>INFO</severity>
		<timestamp>Fri Sep 27 04:37:27 2019</timestamp>
		<arg name='path'>c:\windows\syswow64\windows.storage.dll</arg>
		<arg name='addr1'>0x74c60000</arg>
		<arg name='addr2'>0x75223fff</arg>
	</msg>
	<!-- Module loaded c:\windows\syswow64\profapi.dll, address range [0x74880000-0x74896fff] -->
	<msg id='32' source='mc'>
		<type>MODULE_LOAD</type>
		<severity>INFO</severity>
		<timestamp>Fri Sep 27 04:37:27 2019</timestamp>
		<arg name='path'>c:\windows\syswow64\profapi.dll</arg>
		<arg name='addr1'>0x74880000</arg>
		<arg name='addr2'>0x74896fff</arg>
	</msg>
	<!-- Module loaded c:\windows\syswow64\powrprof.dll, address range [0x754e0000-0x75522fff] -->
	<msg id='33' source='mc'>
		<type>MODULE_LOAD</type>
		<severity>INFO</severity>
		<timestamp>Fri Sep 27 04:37:27 2019</timestamp>
		<arg name='path'>c:\windows\syswow64\powrprof.dll</arg>
		<arg name='addr1'>0x754e0000</arg>
		<arg name='addr2'>0x75522fff</arg>
	</msg>
	<!-- Module loaded c:\windows\syswow64\umpdc.dll, address range [0x75a60000-0x75a6cfff] -->
	<msg id='34' source='mc'>
		<type>MODULE_LOAD</type>
		<severity>INFO</severity>
		<timestamp>Fri Sep 27 04:37:27 2019</timestamp>
		<arg name='path'>c:\windows\syswow64\umpdc.dll</arg>
		<arg name='addr1'>0x75a60000</arg>
		<arg name='addr2'>0x75a6cfff</arg>
	</msg>
	<!-- Module loaded c:\windows\syswow64\shlwapi.dll, address range [0x75230000-0x75273fff] -->
	<msg id='35' source='mc'>
		<type>MODULE_LOAD</type>
		<severity>INFO</severity>
		<timestamp>Fri Sep 27 04:37:27 2019</timestamp>
		<arg name='path'>c:\windows\syswow64\shlwapi.dll</arg>
		<arg name='addr1'>0x75230000</arg>
		<arg name='addr2'>0x75273fff</arg>
	</msg>
	<!-- Module loaded c:\windows\syswow64\kernel.appcore.dll, address range [0x76660000-0x7666efff] -->
	<msg id='36' source='mc'>
		<type>MODULE_LOAD</type>
		<severity>INFO</severity>
		<timestamp>Fri Sep 27 04:37:27 2019</timestamp>
		<arg name='path'>c:\windows\syswow64\kernel.appcore.dll</arg>
		<arg name='addr1'>0x76660000</arg>
		<arg name='addr2'>0x7666efff</arg>
	</msg>
	<!-- Module loaded c:\windows\syswow64\cryptsp.dll, address range [0x75530000-0x75542fff] -->
	<msg id='37' source='mc'>
		<type>MODULE_LOAD</type>
		<severity>INFO</severity>
		<timestamp>Fri Sep 27 04:37:27 2019</timestamp>
		<arg name='path'>c:\windows\syswow64\cryptsp.dll</arg>
		<arg name='addr1'>0x75530000</arg>
		<arg name='addr2'>0x75542fff</arg>
	</msg>
	<!-- Module loaded c:\windows\syswow64\setupapi.dll, address range [0x75550000-0x75998fff] -->
	<msg id='38' source='mc'>
		<type>MODULE_LOAD</type>
		<severity>INFO</severity>
		<timestamp>Fri Sep 27 04:37:27 2019</timestamp>
		<arg name='path'>c:\windows\syswow64\setupapi.dll</arg>
		<arg name='addr1'>0x75550000</arg>
		<arg name='addr2'>0x75998fff</arg>
	</msg>
	<!-- Module loaded c:\windows\syswow64\bcrypt.dll, address range [0x747c0000-0x747d8fff] -->
	<msg id='39' source='mc'>
		<type>MODULE_LOAD</type>
		<severity>INFO</severity>
		<timestamp>Fri Sep 27 04:37:27 2019</timestamp>
		<arg name='path'>c:\windows\syswow64\bcrypt.dll</arg>
		<arg name='addr1'>0x747c0000</arg>
		<arg name='addr2'>0x747d8fff</arg>
	</msg>
	<!-- Module loaded c:\windows\syswow64\ws2_32.dll, address range [0x767c0000-0x7681dfff] -->
	<msg id='40' source='mc'>
		<type>MODULE_LOAD</type>
		<severity>INFO</severity>
		<timestamp>Fri Sep 27 04:37:27 2019</timestamp>
		<arg name='path'>c:\windows\syswow64\ws2_32.dll</arg>
		<arg name='addr1'>0x767c0000</arg>
		<arg name='addr2'>0x7681dfff</arg>
	</msg>
	<!-- Module loaded c:\windows\syswow64\version.dll, address range [0x731e0000-0x731e7fff] -->
	<msg id='41' source='mc'>
		<type>MODULE_LOAD</type>
		<severity>INFO</severity>
		<timestamp>Fri Sep 27 04:37:27 2019</timestamp>
		<arg name='path'>c:\windows\syswow64\version.dll</arg>
		<arg name='addr1'>0x731e0000</arg>
		<arg name='addr2'>0x731e7fff</arg>
	</msg>
	<!-- Module loaded c:\windows\syswow64\dwmapi.dll, address range [0x700c0000-0x700e4fff], minimal analysis -->
	<msg id='42' source='mc'>
		<type>MODULE_LOAD_NO_ANALYSIS</type>
		<severity>INFO</severity>
		<timestamp>Fri Sep 27 04:37:27 2019</timestamp>
		<arg name='path'>c:\windows\syswow64\dwmapi.dll</arg>
		<arg name='addr1'>0x700c0000</arg>
		<arg name='addr2'>0x700e4fff</arg>
	</msg>
	<!-- Module loaded c:\windows\syswow64\uxtheme.dll, address range [0x742c0000-0x74339fff], minimal analysis -->
	<msg id='43' source='mc'>
		<type>MODULE_LOAD_NO_ANALYSIS</type>
		<severity>INFO</severity>
		<timestamp>Fri Sep 27 04:37:27 2019</timestamp>
		<arg name='path'>c:\windows\syswow64\uxtheme.dll</arg>
		<arg name='addr1'>0x742c0000</arg>
		<arg name='addr2'>0x74339fff</arg>
	</msg>
	<!-- Module unloaded C:\Windows\SysWOW64\dwmapi.dll -->
	<msg id='44' source='mc'>
		<type>MODULE_UNLOAD</type>
		<severity>INFO</severity>
		<timestamp>Fri Sep 27 04:37:27 2019</timestamp>
		<arg name='path'>C:\Windows\SysWOW64\dwmapi.dll</arg>
	</msg>
	<!-- Module loaded c:\windows\syswow64\dxcore.dll, address range [0x72720000-0x72738fff] -->
	<msg id='45' source='mc'>
		<type>MODULE_LOAD</type>
		<severity>INFO</severity>
		<timestamp>Fri Sep 27 04:37:27 2019</timestamp>
		<arg name='path'>c:\windows\syswow64\dxcore.dll</arg>
		<arg name='addr1'>0x72720000</arg>
		<arg name='addr2'>0x72738fff</arg>
	</msg>
	<!-- Module loaded c:\windows\syswow64\nvapi.dll, address range [0x50b70000-0x50fc4fff] -->
	<msg id='46' source='mc'>
		<type>MODULE_LOAD</type>
		<severity>INFO</severity>
		<timestamp>Fri Sep 27 04:37:27 2019</timestamp>
		<arg name='path'>c:\windows\syswow64\nvapi.dll</arg>
		<arg name='addr1'>0x50b70000</arg>
		<arg name='addr2'>0x50fc4fff</arg>
	</msg>
	<!-- Module loaded c:\windows\syswow64\dxgi.dll, address range [0x664d0000-0x66590fff] -->
	<msg id='47' source='mc'>
		<type>MODULE_LOAD</type>
		<severity>INFO</severity>
		<timestamp>Fri Sep 27 04:37:29 2019</timestamp>
		<arg name='path'>c:\windows\syswow64\dxgi.dll</arg>
		<arg name='addr1'>0x664d0000</arg>
		<arg name='addr2'>0x66590fff</arg>
	</msg>
	<!-- Module loaded c:\windows\syswow64\mscms.dll, address range [0x50ad0000-0x50b63fff] -->
	<msg id='48' source='mc'>
		<type>MODULE_LOAD</type>
		<severity>INFO</severity>
		<timestamp>Fri Sep 27 04:37:29 2019</timestamp>
		<arg name='path'>c:\windows\syswow64\mscms.dll</arg>
		<arg name='addr1'>0x50ad0000</arg>
		<arg name='addr2'>0x50b63fff</arg>
	</msg>
	<!-- Module loaded c:\windows\syswow64\userenv.dll, address range [0x746d0000-0x746edfff] -->
	<msg id='49' source='mc'>
		<type>MODULE_LOAD</type>
		<severity>INFO</severity>
		<timestamp>Fri Sep 27 04:37:29 2019</timestamp>
		<arg name='path'>c:\windows\syswow64\userenv.dll</arg>
		<arg name='addr1'>0x746d0000</arg>
		<arg name='addr2'>0x746edfff</arg>
	</msg>
	<!-- Module loaded c:\windows\syswow64\coloradapterclient.dll, address range [0x50ab0000-0x50ac0fff] -->
	<msg id='50' source='mc'>
		<type>MODULE_LOAD</type>
		<severity>INFO</severity>
		<timestamp>Fri Sep 27 04:37:29 2019</timestamp>
		<arg name='path'>c:\windows\syswow64\coloradapterclient.dll</arg>
		<arg name='addr1'>0x50ab0000</arg>
		<arg name='addr2'>0x50ac0fff</arg>
	</msg>
	<!-- Module loaded c:\windows\syswow64\oleaut32.dll, address range [0x75a70000-0x75b01fff], minimal analysis -->
	<msg id='51' source='mc'>
		<type>MODULE_LOAD_NO_ANALYSIS</type>
		<severity>INFO</severity>
		<timestamp>Fri Sep 27 04:37:29 2019</timestamp>
		<arg name='path'>c:\windows\syswow64\oleaut32.dll</arg>
		<arg name='addr1'>0x75a70000</arg>
		<arg name='addr2'>0x75b01fff</arg>
	</msg>
	<!-- Module loaded c:\windows\syswow64\intelopencl32.dll, address range [0x018c0000-0x0190efff] -->
	<msg id='52' source='mc'>
		<type>MODULE_LOAD</type>
		<severity>INFO</severity>
		<timestamp>Fri Sep 27 04:37:30 2019</timestamp>
		<arg name='path'>c:\windows\syswow64\intelopencl32.dll</arg>
		<arg name='addr1'>0x18c0000</arg>
		<arg name='addr2'>0x190efff</arg>
	</msg>
	<!-- Module loaded c:\program files (x86)\common files\intel\opencl\bin\x86\intelocl32.dll, address range [0x04a40000-0x04bbbfff] -->
	<msg id='53' source='mc'>
		<type>MODULE_LOAD</type>
		<severity>INFO</severity>
		<timestamp>Fri Sep 27 04:37:31 2019</timestamp>
		<arg name='path'>c:\program files (x86)\common files\intel\opencl\bin\x86\intelocl32.dll</arg>
		<arg name='addr1'>0x4a40000</arg>
		<arg name='addr2'>0x4bbbfff</arg>
	</msg>
	<!-- Module loaded c:\program files (x86)\common files\intel\opencl\bin\x86\task_executor32.dll, address range [0x04bc0000-0x04c3efff] -->
	<msg id='54' source='mc'>
		<type>MODULE_LOAD</type>
		<severity>INFO</severity>
		<timestamp>Fri Sep 27 04:37:32 2019</timestamp>
		<arg name='path'>c:\program files (x86)\common files\intel\opencl\bin\x86\task_executor32.dll</arg>
		<arg name='addr1'>0x4bc0000</arg>
		<arg name='addr2'>0x4c3efff</arg>
	</msg>
	<!-- Module loaded c:\windows\syswow64\opengl32.dll, address range [0x51690000-0x5178efff] -->
	<msg id='55' source='mc'>
		<type>MODULE_LOAD</type>
		<severity>INFO</severity>
		<timestamp>Fri Sep 27 04:37:32 2019</timestamp>
		<arg name='path'>c:\windows\syswow64\opengl32.dll</arg>
		<arg name='addr1'>0x51690000</arg>
		<arg name='addr2'>0x5178efff</arg>
	</msg>
	<!-- Module loaded c:\windows\syswow64\glu32.dll, address range [0x51210000-0x5124efff] -->
	<msg id='56' source='mc'>
		<type>MODULE_LOAD</type>
		<severity>INFO</severity>
		<timestamp>Fri Sep 27 04:37:32 2019</timestamp>
		<arg name='path'>c:\windows\syswow64\glu32.dll</arg>
		<arg name='addr1'>0x51210000</arg>
		<arg name='addr2'>0x5124efff</arg>
	</msg>
	<!-- Module loaded c:\program files (x86)\intelswtools\inspector 2019\bin32\runtime\libittnotify.dll, address range [0x04c60000-0x04c8cfff], minimal analysis -->
	<msg id='57' source='mc'>
		<type>MODULE_LOAD_NO_ANALYSIS</type>
		<severity>INFO</severity>
		<timestamp>Fri Sep 27 04:37:32 2019</timestamp>
		<arg name='path'>c:\program files (x86)\intelswtools\inspector 2019\bin32\runtime\libittnotify.dll</arg>
		<arg name='addr1'>0x4c60000</arg>
		<arg name='addr2'>0x4c8cfff</arg>
	</msg>
	<!-- Module loaded c:\program files (x86)\common files\intel\opencl\bin\x86\cpu_device32.dll, address range [0x04d10000-0x04db2fff] -->
	<msg id='58' source='mc'>
		<type>MODULE_LOAD</type>
		<severity>INFO</severity>
		<timestamp>Fri Sep 27 04:37:33 2019</timestamp>
		<arg name='path'>c:\program files (x86)\common files\intel\opencl\bin\x86\cpu_device32.dll</arg>
		<arg name='addr1'>0x4d10000</arg>
		<arg name='addr2'>0x4db2fff</arg>
	</msg>
	<!-- Module loaded c:\windows\syswow64\igdrcl32.dll, address range [0x07e80000-0x082b5fff] -->
	<msg id='59' source='mc'>
		<type>MODULE_LOAD</type>
		<severity>INFO</severity>
		<timestamp>Fri Sep 27 04:37:34 2019</timestamp>
		<arg name='path'>c:\windows\syswow64\igdrcl32.dll</arg>
		<arg name='addr1'>0x7e80000</arg>
		<arg name='addr2'>0x82b5fff</arg>
	</msg>
	<!-- Module loaded c:\windows\syswow64\resourcepolicyclient.dll, address range [0x56390000-0x5639efff] -->
	<msg id='60' source='mc'>
		<type>MODULE_LOAD</type>
		<severity>INFO</severity>
		<timestamp>Fri Sep 27 04:37:34 2019</timestamp>
		<arg name='path'>c:\windows\syswow64\resourcepolicyclient.dll</arg>
		<arg name='addr1'>0x56390000</arg>
		<arg name='addr2'>0x5639efff</arg>
	</msg>
	<!-- Module unloaded C:\Windows\SysWOW64\ResourcePolicyClient.dll -->
	<msg id='61' source='mc'>
		<type>MODULE_UNLOAD</type>
		<severity>INFO</severity>
		<timestamp>Fri Sep 27 04:37:34 2019</timestamp>
		<arg name='path'>C:\Windows\SysWOW64\ResourcePolicyClient.dll</arg>
	</msg>
	<!-- Module loaded c:\windows\system32\driverstore\filerepository\nvami.inf_amd64_647dff284c83a66c\nvdlist.dll, address range [0x04ef0000-0x04f1afff] -->
	<msg id='62' source='mc'>
		<type>MODULE_LOAD</type>
		<severity>INFO</severity>
		<timestamp>Fri Sep 27 04:37:34 2019</timestamp>
		<arg name='path'>c:\windows\system32\driverstore\filerepository\nvami.inf_amd64_647dff284c83a66c\nvdlist.dll</arg>
		<arg name='addr1'>0x4ef0000</arg>
		<arg name='addr2'>0x4f1afff</arg>
	</msg>
	<!-- Module unloaded C:\Windows\System32\DriverStore\FileRepository\nvami.inf_amd64_647dff284c83a66c\nvdlist.dll -->
	<msg id='63' source='mc'>
		<type>MODULE_UNLOAD</type>
		<severity>INFO</severity>
		<timestamp>Fri Sep 27 04:37:34 2019</timestamp>
		<arg name='path'>C:\Windows\System32\DriverStore\FileRepository\nvami.inf_amd64_647dff284c83a66c\nvdlist.dll</arg>
	</msg>
	<!-- DIAG: 2 -->
	<!-- Module loaded c:\windows\syswow64\igdfcl32.dll, address range [0x08410000-0x08447fff] -->
	<msg id='64' source='mc'>
		<type>MODULE_LOAD</type>
		<severity>INFO</severity>
		<timestamp>Fri Sep 27 04:37:35 2019</timestamp>
		<arg name='path'>c:\windows\syswow64\igdfcl32.dll</arg>
		<arg name='addr1'>0x8410000</arg>
		<arg name='addr2'>0x8447fff</arg>
	</msg>
	<!-- Module loaded c:\windows\syswow64\igdmcl32.dll, address range [0x08450000-0x0881ffff] -->
	<msg id='65' source='mc'>
		<type>MODULE_LOAD</type>
		<severity>INFO</severity>
		<timestamp>Fri Sep 27 04:37:36 2019</timestamp>
		<arg name='path'>c:\windows\syswow64\igdmcl32.dll</arg>
		<arg name='addr1'>0x8450000</arg>
		<arg name='addr2'>0x881ffff</arg>
	</msg>
	<!-- Module loaded c:\windows\syswow64\dbghelp.dll, address range [0x734a0000-0x7362efff], minimal analysis -->
	<msg id='66' source='mc'>
		<type>MODULE_LOAD_NO_ANALYSIS</type>
		<severity>INFO</severity>
		<timestamp>Fri Sep 27 04:37:37 2019</timestamp>
		<arg name='path'>c:\windows\syswow64\dbghelp.dll</arg>
		<arg name='addr1'>0x734a0000</arg>
		<arg name='addr2'>0x7362efff</arg>
	</msg>
	<!-- Module loaded c:\windows\syswow64\igdbcl32.dll, address range [0x04640000-0x0469ffff] -->
	<msg id='67' source='mc'>
		<type>MODULE_LOAD</type>
		<severity>INFO</severity>
		<timestamp>Fri Sep 27 04:37:38 2019</timestamp>
		<arg name='path'>c:\windows\syswow64\igdbcl32.dll</arg>
		<arg name='addr1'>0x4640000</arg>
		<arg name='addr2'>0x469ffff</arg>
	</msg>
	<!-- Module loaded c:\windows\syswow64\igdusc32.dll, address range [0x5f8d0000-0x60199fff] -->
	<msg id='68' source='mc'>
		<type>MODULE_LOAD</type>
		<severity>INFO</severity>
		<timestamp>Fri Sep 27 04:37:39 2019</timestamp>
		<arg name='path'>c:\windows\syswow64\igdusc32.dll</arg>
		<arg name='addr1'>0x5f8d0000</arg>
		<arg name='addr2'>0x60199fff</arg>
	</msg>
	<!-- Module loaded c:\program files (x86)\amd app sdk\3.0\bin\x86\amdocl.dll, address range [0x0b220000-0x0d832fff] -->
	<msg id='69' source='mc'>
		<type>MODULE_LOAD</type>
		<severity>INFO</severity>
		<timestamp>Fri Sep 27 04:37:39 2019</timestamp>
		<arg name='path'>c:\program files (x86)\amd app sdk\3.0\bin\x86\amdocl.dll</arg>
		<arg name='addr1'>0xb220000</arg>
		<arg name='addr2'>0xd832fff</arg>
	</msg>
	<!-- Module loaded c:\program files (x86)\amd app sdk\3.0\bin\x86\amdocl12cl.dll, address range [0x0d840000-0x0ede0fff] -->
	<msg id='70' source='mc'>
		<type>MODULE_LOAD</type>
		<severity>INFO</severity>
		<timestamp>Fri Sep 27 04:37:39 2019</timestamp>
		<arg name='path'>c:\program files (x86)\amd app sdk\3.0\bin\x86\amdocl12cl.dll</arg>
		<arg name='addr1'>0xd840000</arg>
		<arg name='addr2'>0xede0fff</arg>
	</msg>
	<!-- Module loaded c:\windows\syswow64\winmm.dll, address range [0x74370000-0x74393fff] -->
	<msg id='71' source='mc'>
		<type>MODULE_LOAD</type>
		<severity>INFO</severity>
		<timestamp>Fri Sep 27 04:37:40 2019</timestamp>
		<arg name='path'>c:\windows\syswow64\winmm.dll</arg>
		<arg name='addr1'>0x74370000</arg>
		<arg name='addr2'>0x74393fff</arg>
	</msg>
	<!-- Module loaded c:\windows\syswow64\winmmbase.dll, address range [0x74340000-0x74362fff] -->
	<msg id='72' source='mc'>
		<type>MODULE_LOAD</type>
		<severity>INFO</severity>
		<timestamp>Fri Sep 27 04:37:40 2019</timestamp>
		<arg name='path'>c:\windows\syswow64\winmmbase.dll</arg>
		<arg name='addr1'>0x74340000</arg>
		<arg name='addr2'>0x74362fff</arg>
	</msg>
	<!-- Module loaded c:\windows\syswow64\dwmapi.dll, address range [0x700c0000-0x700e4fff], minimal analysis -->
	<msg id='73' source='mc'>
		<type>MODULE_LOAD_NO_ANALYSIS</type>
		<severity>INFO</severity>
		<timestamp>Fri Sep 27 04:37:40 2019</timestamp>
		<arg name='path'>c:\windows\syswow64\dwmapi.dll</arg>
		<arg name='addr1'>0x700c0000</arg>
		<arg name='addr2'>0x700e4fff</arg>
	</msg>
	<!-- Module loaded c:\windows\syswow64\devobj.dll, address range [0x74650000-0x74672fff] -->
	<msg id='74' source='mc'>
		<type>MODULE_LOAD</type>
		<severity>INFO</severity>
		<timestamp>Fri Sep 27 04:37:40 2019</timestamp>
		<arg name='path'>c:\windows\syswow64\devobj.dll</arg>
		<arg name='addr1'>0x74650000</arg>
		<arg name='addr2'>0x74672fff</arg>
	</msg>
	<!-- Module loaded c:\windows\syswow64\wintrust.dll, address range [0x76670000-0x766b5fff] -->
	<msg id='75' source='mc'>
		<type>MODULE_LOAD</type>
		<severity>INFO</severity>
		<timestamp>Fri Sep 27 04:37:40 2019</timestamp>
		<arg name='path'>c:\windows\syswow64\wintrust.dll</arg>
		<arg name='addr1'>0x76670000</arg>
		<arg name='addr2'>0x766b5fff</arg>
	</msg>
	<!-- Module loaded c:\windows\syswow64\msasn1.dll, address range [0x76980000-0x7698dfff] -->
	<msg id='76' source='mc'>
		<type>MODULE_LOAD</type>
		<severity>INFO</severity>
		<timestamp>Fri Sep 27 04:37:40 2019</timestamp>
		<arg name='path'>c:\windows\syswow64\msasn1.dll</arg>
		<arg name='addr1'>0x76980000</arg>
		<arg name='addr2'>0x7698dfff</arg>
	</msg>
	<!-- Module loaded c:\windows\syswow64\crypt32.dll, address range [0x76990000-0x76a8afff] -->
	<msg id='77' source='mc'>
		<type>MODULE_LOAD</type>
		<severity>INFO</severity>
		<timestamp>Fri Sep 27 04:37:40 2019</timestamp>
		<arg name='path'>c:\windows\syswow64\crypt32.dll</arg>
		<arg name='addr1'>0x76990000</arg>
		<arg name='addr2'>0x76a8afff</arg>
	</msg>
	<!-- Module loaded c:\windows\syswow64\intelopenclprofiler.dll, address range [0x07270000-0x07419fff] -->
	<msg id='78' source='mc'>
		<type>MODULE_LOAD</type>
		<severity>INFO</severity>
		<timestamp>Fri Sep 27 04:37:41 2019</timestamp>
		<arg name='path'>c:\windows\syswow64\intelopenclprofiler.dll</arg>
		<arg name='addr1'>0x7270000</arg>
		<arg name='addr2'>0x7419fff</arg>
	</msg>
	<!-- DIAG: 3 -->
	<!-- DIAG: 4 -->
	<!-- DIAG: 5 -->
	<!-- DIAG: 6 -->
	<!-- DIAG: 7 -->
	<!-- DIAG: 8 -->
	<!-- DIAG: 9 -->
	<!-- DIAG: 10 -->
	<!-- Module loaded c:\windows\syswow64\nvptxjitcompiler.dll, address range [0x12510000-0x12e3afff] -->
	<msg id='79' source='mc'>
		<type>MODULE_LOAD</type>
		<severity>INFO</severity>
		<timestamp>Fri Sep 27 04:37:42 2019</timestamp>
		<arg name='path'>c:\windows\syswow64\nvptxjitcompiler.dll</arg>
		<arg name='addr1'>0x12510000</arg>
		<arg name='addr2'>0x12e3afff</arg>
	</msg>
	<!-- DIAG: 11 -->
	<!-- DIAG: 12 -->
	<!-- DIAG: 13 -->
	<!-- DIAG: 14 -->
	<!-- DIAG: 15 -->
	<!-- DIAG: 16 -->
	<!-- DIAG: 17 -->
	<!-- DIAG: 18 -->
	<!-- DIAG: 19 -->
	<!-- DIAG: 20 -->
	<!-- Process d:\github\myopencl\visual studio 2019 project\debug\myopencl.exe exited with code 0. Leak analysis starting - this may take a while. -->
	<msg id='80' source='mc'>
		<type>PROCESS_COMPLETE</type>
		<severity>INFO</severity>
		<timestamp>Fri Sep 27 04:37:44 2019</timestamp>
		<arg name='path'>d:\github\myopencl\visual studio 2019 project\debug\myopencl.exe</arg>
		<arg name='code'>0</arg>
	</msg>
	<!-- DIAG: 21 -->
	<!-- DIAG: 22 -->
	<!-- DIAG: 23 -->
	<!-- DIAG: 24 -->
	<!-- DIAG: 25 -->
	<!-- DIAG: 26 -->
	<!-- DIAG: 27 -->
	<!-- DIAG: 28 -->
	<!-- DIAG: 29 -->
	<!-- DIAG: 30 -->
	<!-- DIAG: 31 -->
	<!-- DIAG: 32 -->
	<!-- DIAG: 33 -->
	<!-- DIAG: 34 -->
	<!-- DIAG: 35 -->
	<!-- DIAG: 36 -->
	<!-- DIAG: 37 -->
	<!-- DIAG: 38 -->
	<!-- DIAG: 39 -->
	<!-- DIAG: 40 -->
	<!-- DIAG: 41 -->
	<!-- DIAG: 42 -->
	<!-- DIAG: 43 -->
	<!-- DIAG: 44 -->
	<!-- DIAG: 45 -->
	<!-- DIAG: 46 -->
	<!-- DIAG: 47 -->
	<!-- DIAG: 48 -->
	<!-- DIAG: 49 -->
	<!-- DIAG: 50 -->
	<!-- DIAG: 51 -->
	<!-- DIAG: 52 -->
	<!-- DIAG: 53 -->
	<!-- DIAG: 54 -->
	<!-- DIAG: 55 -->
	<!-- DIAG: 56 -->
	<!-- DIAG: 57 -->
	<!-- DIAG: 58 -->
	<!-- DIAG: 59 -->
	<!-- DIAG: 60 -->
	<!-- DIAG: 61 -->
	<!-- DIAG: 62 -->
	<!-- DIAG: 63 -->
	<!-- DIAG: 64 -->
	<!-- DIAG: 65 -->
	<!-- DIAG: 66 -->
	<!-- DIAG: 67 -->
	<!-- DIAG: 68 -->
	<!-- DIAG: 69 -->
	<!-- DIAG: 70 -->
	<!-- DIAG: 71 -->
	<!-- DIAG: 72 -->
	<!-- DIAG: 73 -->
	<!-- DIAG: 74 -->
	<!-- DIAG: 75 -->
	<!-- DIAG: 76 -->
	<!-- DIAG: 77 -->
	<!-- DIAG: 78 -->
	<!-- DIAG: 79 -->
	<!-- DIAG: 80 -->
	<!-- DIAG: 81 -->
	<!-- DIAG: 82 -->
	<!-- DIAG: 83 -->
	<!-- DIAG: 84 -->
	<!-- DIAG: 85 -->
	<!-- DIAG: 86 -->
	<!-- DIAG: 87 -->
	<!-- DIAG: 88 -->
	<!-- DIAG: 89 -->
	<!-- DIAG: 90 -->
	<!-- DIAG: 91 -->
	<!-- DIAG: 92 -->
	<!-- DIAG: 93 -->
	<!-- DIAG: 94 -->
	<!-- DIAG: 95 -->
	<!-- DIAG: 96 -->
	<!-- DIAG: 97 -->
	<!-- DIAG: 98 -->
	<!-- DIAG: 99 -->
	<!-- DIAG: 100 -->
	<!-- DIAG: 101 -->
	<!-- DIAG: 102 -->
	<!-- DIAG: 103 -->
	<!-- DIAG: 104 -->
	<!-- DIAG: 105 -->
	<!-- DIAG: 106 -->
	<!-- DIAG: 107 -->
	<!-- DIAG: 108 -->
	<!-- DIAG: 109 -->
	<!-- DIAG: 110 -->
	<!-- DIAG: 111 -->
	<!-- DIAG: 112 -->
	<!-- DIAG: 113 -->
	<!-- DIAG: 114 -->
	<!-- DIAG: 115 -->
	<!-- DIAG: 116 -->
	<!-- DIAG: 117 -->
	<!-- DIAG: 118 -->
	<!-- DIAG: 119 -->
	<!-- DIAG: 120 -->
	<!-- DIAG: 121 -->
	<!-- DIAG: 122 -->
	<!-- DIAG: 123 -->
	<!-- DIAG: 124 -->
	<!-- DIAG: 125 -->
	<!-- DIAG: 126 -->
	<!-- DIAG: 127 -->
	<!-- DIAG: 128 -->
	<!-- DIAG: 129 -->
	<!-- DIAG: 130 -->
	<!-- DIAG: 131 -->
	<!-- DIAG: 132 -->
	<!-- DIAG: 133 -->
	<!-- DIAG: 134 -->
	<!-- DIAG: 135 -->
	<!-- DIAG: 136 -->
	<!-- DIAG: 137 -->
	<!-- DIAG: 138 -->
	<!-- DIAG: 139 -->
	<!-- DIAG: 140 -->
	<!-- DIAG: 141 -->
	<!-- DIAG: 142 -->
	<!-- DIAG: 143 -->
	<!-- DIAG: 144 -->
	<!-- DIAG: 145 -->
	<!-- DIAG: 146 -->
	<!-- DIAG: 147 -->
	<!-- DIAG: 148 -->
	<!-- DIAG: 149 -->
	<!-- DIAG: 150 -->
	<!-- DIAG: 151 -->
	<!-- DIAG: 152 -->
	<!-- DIAG: 153 -->
	<!-- DIAG: 154 -->
	<!-- DIAG: 155 -->
	<!-- DIAG: 156 -->
	<!-- DIAG: 157 -->
	<!-- DIAG: 158 -->
	<!-- DIAG: 159 -->
	<!-- DIAG: 160 -->
	<!-- DIAG: 161 -->
	<!-- DIAG: 162 -->
	<!-- DIAG: 163 -->
	<!-- DIAG: 164 -->
	<!-- DIAG: 165 -->
	<!-- DIAG: 166 -->
	<!-- DIAG: 167 -->
	<!-- DIAG: 168 -->
	<!-- DIAG: 169 -->
	<!-- DIAG: 170 -->
	<!-- DIAG: 171 -->
	<!-- DIAG: 172 -->
	<!-- DIAG: 173 -->
	<!-- DIAG: 174 -->
	<!-- DIAG: 175 -->
	<!-- DIAG: 176 -->
	<!-- DIAG: 177 -->
	<!-- DIAG: 178 -->
	<!-- DIAG: 179 -->
	<!-- DIAG: 180 -->
	<!-- DIAG: 181 -->
	<!-- DIAG: 182 -->
	<!-- DIAG: 183 -->
	<!-- DIAG: 184 -->
	<!-- DIAG: 185 -->
	<!-- DIAG: 186 -->
	<!-- DIAG: 187 -->
	<!-- DIAG: 188 -->
	<!-- DIAG: 189 -->
	<!-- DIAG: 190 -->
	<!-- DIAG: 191 -->
	<!-- DIAG: 192 -->
	<!-- DIAG: 193 -->
	<!-- DIAG: 194 -->
	<!-- DIAG: 195 -->
	<!-- DIAG: 196 -->
	<!-- DIAG: 197 -->
	<!-- DIAG: 198 -->
	<!-- DIAG: 199 -->
	<!-- DIAG: 200 -->
	<!-- DIAG: 201 -->
	<!-- DIAG: 202 -->
	<!-- DIAG: 203 -->
	<!-- DIAG: 204 -->
	<!-- DIAG: 205 -->
	<!-- DIAG: 206 -->
	<!-- DIAG: 207 -->
	<!-- DIAG: 208 -->
	<!-- DIAG: 209 -->
	<!-- DIAG: 210 -->
	<!-- DIAG: 211 -->
	<!-- DIAG: 212 -->
	<!-- DIAG: 213 -->
	<!-- DIAG: 214 -->
	<!-- DIAG: 215 -->
	<!-- DIAG: 216 -->
	<!-- DIAG: 217 -->
	<!-- DIAG: 218 -->
	<!-- DIAG: 219 -->
	<!-- DIAG: 220 -->
	<!-- DIAG: 221 -->
	<!-- DIAG: 222 -->
	<!-- DIAG: 223 -->
	<!-- DIAG: 224 -->
	<!-- DIAG: 225 -->
	<!-- DIAG: 226 -->
	<!-- DIAG: 227 -->
	<!-- DIAG: 228 -->
	<!-- DIAG: 229 -->
	<!-- DIAG: 230 -->
	<!-- DIAG: 231 -->
	<!-- DIAG: 232 -->
	<!-- DIAG: 233 -->
	<!-- DIAG: 234 -->
	<!-- DIAG: 235 -->
	<!-- DIAG: 236 -->
	<!-- DIAG: 237 -->
	<!-- DIAG: 238 -->
	<!-- DIAG: 239 -->
	<!-- DIAG: 240 -->
	<!-- DIAG: 241 -->
	<!-- DIAG: 242 -->
	<!-- DIAG: 243 -->
	<!-- DIAG: 244 -->
	<!-- DIAG: 245 -->
	<!-- DIAG: 246 -->
	<!-- DIAG: 247 -->
	<!-- DIAG: 248 -->
	<!-- DIAG: 249 -->
	<!-- DIAG: 250 -->
	<!-- DIAG: 251 -->
	<!-- DIAG: 252 -->
	<!-- DIAG: 253 -->
	<!-- DIAG: 254 -->
	<!-- DIAG: 255 -->
	<!-- DIAG: 256 -->
	<!-- DIAG: 257 -->
	<!-- DIAG: 258 -->
	<!-- DIAG: 259 -->
	<!-- DIAG: 260 -->
	<!-- DIAG: 261 -->
	<!-- DIAG: 262 -->
	<!-- DIAG: 263 -->
	<!-- DIAG: 264 -->
	<!-- DIAG: 265 -->
	<!-- DIAG: 266 -->
	<!-- DIAG: 267 -->
	<!-- DIAG: 268 -->
	<!-- DIAG: 269 -->
	<!-- DIAG: 270 -->
	<!-- DIAG: 271 -->
	<!-- DIAG: 272 -->
	<!-- DIAG: 273 -->
	<!-- DIAG: 274 -->
	<!-- DIAG: 275 -->
	<!-- DIAG: 276 -->
	<!-- DIAG: 277 -->
	<!-- DIAG: 278 -->
	<!-- DIAG: 279 -->
	<!-- DIAG: 280 -->
	<!-- DIAG: 281 -->
	<!-- DIAG: 282 -->
	<!-- DIAG: 283 -->
	<!-- DIAG: 284 -->
	<!-- DIAG: 285 -->
	<!-- DIAG: 286 -->
	<!-- DIAG: 287 -->
	<!-- DIAG: 288 -->
	<!-- DIAG: 289 -->
	<!-- DIAG: 290 -->
	<!-- DIAG: 291 -->
	<!-- DIAG: 292 -->
	<!-- DIAG: 293 -->
	<!-- DIAG: 294 -->
	<!-- DIAG: 295 -->
	<!-- DIAG: 296 -->
	<!-- DIAG: 297 -->
	<!-- DIAG: 298 -->
	<!-- DIAG: 299 -->
	<!-- DIAG: 300 -->
	<!-- DIAG: 301 -->
	<!-- DIAG: 302 -->
	<!-- DIAG: 303 -->
	<!-- DIAG: 304 -->
	<!-- DIAG: 305 -->
	<!-- DIAG: 306 -->
	<!-- DIAG: 307 -->
	<!-- DIAG: 308 -->
	<!-- DIAG: 309 -->
	<!-- DIAG: 310 -->
	<!-- DIAG: 311 -->
	<!-- DIAG: 312 -->
	<!-- DIAG: 313 -->
	<!-- DIAG: 314 -->
	<!-- DIAG: 315 -->
	<!-- DIAG: 316 -->
	<!-- DIAG: 317 -->
	<!-- DIAG: 318 -->
	<!-- DIAG: 319 -->
	<!-- DIAG: 320 -->
	<!-- DIAG: 321 -->
	<!-- DIAG: 322 -->
	<!-- DIAG: 323 -->
	<!-- DIAG: 324 -->
	<!-- DIAG: 325 -->
	<!-- DIAG: 326 -->
	<!-- DIAG: 327 -->
	<!-- DIAG: 328 -->
	<!-- DIAG: 329 -->
	<!-- DIAG: 330 -->
	<!-- DIAG: 331 -->
	<!-- DIAG: 332 -->
	<!-- DIAG: 333 -->
	<!-- DIAG: 334 -->
	<!-- DIAG: 335 -->
	<!-- DIAG: 336 -->
	<!-- DIAG: 337 -->
	<!-- DIAG: 338 -->
	<!-- DIAG: 339 -->
	<!-- DIAG: 340 -->
	<!-- DIAG: 341 -->
	<!-- DIAG: 342 -->
	<!-- DIAG: 343 -->
	<!-- DIAG: 344 -->
	<!-- DIAG: 345 -->
	<!-- DIAG: 346 -->
	<!-- DIAG: 347 -->
	<!-- DIAG: 348 -->
	<!-- DIAG: 349 -->
	<!-- DIAG: 350 -->
	<!-- DIAG: 351 -->
	<!-- DIAG: 352 -->
	<!-- DIAG: 353 -->
	<!-- DIAG: 354 -->
	<!-- DIAG: 355 -->
	<!-- DIAG: 356 -->
	<!-- DIAG: 357 -->
	<!-- DIAG: 358 -->
	<!-- DIAG: 359 -->
	<!-- DIAG: 360 -->
	<!-- DIAG: 361 -->
	<!-- DIAG: 362 -->
	<!-- DIAG: 363 -->
	<!-- DIAG: 364 -->
	<!-- DIAG: 365 -->
	<!-- DIAG: 366 -->
	<!-- DIAG: 367 -->
	<!-- DIAG: 368 -->
	<!-- DIAG: 369 -->
	<!-- DIAG: 370 -->
	<!-- DIAG: 371 -->
	<!-- DIAG: 372 -->
	<!-- DIAG: 373 -->
	<!-- DIAG: 374 -->
	<!-- DIAG: 375 -->
	<!-- DIAG: 376 -->
	<!-- DIAG: 377 -->
	<!-- DIAG: 378 -->
	<!-- DIAG: 379 -->
	<!-- DIAG: 380 -->
	<!-- DIAG: 381 -->
	<!-- DIAG: 382 -->
	<!-- DIAG: 383 -->
	<!-- DIAG: 384 -->
	<!-- DIAG: 385 -->
	<!-- DIAG: 386 -->
	<!-- DIAG: 387 -->
	<!-- DIAG: 388 -->
	<!-- DIAG: 389 -->
	<!-- DIAG: 390 -->
	<!-- DIAG: 391 -->
	<!-- DIAG: 392 -->
	<!-- DIAG: 393 -->
	<!-- DIAG: 394 -->
	<!-- DIAG: 395 -->
	<!-- DIAG: 396 -->
	<!-- DIAG: 397 -->
	<!-- DIAG: 398 -->
	<!-- DIAG: 399 -->
	<!-- DIAG: 400 -->
	<!-- DIAG: 401 -->
	<!-- DIAG: 402 -->
	<!-- DIAG: 403 -->
	<!-- DIAG: 404 -->
	<!-- DIAG: 405 -->
	<!-- DIAG: 406 -->
	<!-- DIAG: 407 -->
	<!-- DIAG: 408 -->
	<!-- DIAG: 409 -->
	<!-- DIAG: 410 -->
	<!-- DIAG: 411 -->
	<!-- DIAG: 412 -->
	<!-- DIAG: 413 -->
	<!-- DIAG: 414 -->
	<!-- DIAG: 415 -->
	<!-- DIAG: 416 -->
	<!-- DIAG: 417 -->
	<!-- DIAG: 418 -->
	<!-- DIAG: 419 -->
	<!-- DIAG: 420 -->
	<!-- DIAG: 421 -->
	<!-- DIAG: 422 -->
	<!-- DIAG: 423 -->
	<!-- DIAG: 424 -->
	<!-- DIAG: 425 -->
	<!-- DIAG: 426 -->
	<!-- DIAG: 427 -->
	<!-- DIAG: 428 -->
	<!-- DIAG: 429 -->
	<!-- DIAG: 430 -->
	<!-- DIAG: 431 -->
	<!-- DIAG: 432 -->
	<!-- DIAG: 433 -->
	<!-- DIAG: 434 -->
	<!-- DIAG: 435 -->
	<!-- DIAG: 436 -->
	<!-- DIAG: 437 -->
	<!-- Analysis completed for d:\github\myopencl\visual studio 2019 project\debug\myopencl.exe -->
	<msg id='81' source='mc'>
		<type>ANALYSIS_COMPLETE</type>
		<severity>INFO</severity>
		<timestamp>Fri Sep 27 04:37:44 2019</timestamp>
		<arg name='path'>d:\github\myopencl\visual studio 2019 project\debug\myopencl.exe</arg>
	</msg>