  Mocl.cpp
  cl2.hpp: CL_HPP_TARGET_OPENCL_VERSION is not defined. It will default to 210 (OpenCL 2.1)
D:\GitHub\MyOpenCL\Visual studio 2019 project\MyOpenCL\MyOpenCL\Mocl.h(141,3): warning C4091:  'static ': ignored on left of 'MyOpenCL::Mocl' when no variable is declared
D:\GitHub\MyOpenCL\Visual studio 2019 project\MyOpenCL\MyOpenCL\Mocl.cpp(110,4): warning C4003:  not enough arguments for function-like macro invocation 'MOCL_CHECK_ERROR_'
D:\GitHub\MyOpenCL\Visual studio 2019 project\MyOpenCL\MyOpenCL\Mocl.cpp(115,4): warning C4003:  not enough arguments for function-like macro invocation 'MOCL_CHECK_ERROR_'
D:\GitHub\MyOpenCL\Visual studio 2019 project\MyOpenCL\MyOpenCL\Mocl.cpp(197,122): warning C4267:  'argument': conversion from 'size_t' to 'cl_uint', possible loss of data
D:\GitHub\MyOpenCL\Visual studio 2019 project\MyOpenCL\MyOpenCL\Mocl.cpp(272,12): warning C4267:  '=': conversion from 'size_t' to 'int', possible loss of data
D:\GitHub\MyOpenCL\Visual studio 2019 project\MyOpenCL\MyOpenCL\Mocl.cpp(273,13): warning C4267:  '-=': conversion from 'size_t' to 'int', possible loss of data
D:\GitHub\MyOpenCL\Visual studio 2019 project\MyOpenCL\MyOpenCL\Mocl.cpp(390,12): warning C4267:  '=': conversion from 'size_t' to 'int', possible loss of data
D:\GitHub\MyOpenCL\Visual studio 2019 project\MyOpenCL\MyOpenCL\Mocl.cpp(391,17): warning C4267:  '=': conversion from 'size_t' to 'int', possible loss of data
D:\GitHub\MyOpenCL\Visual studio 2019 project\MyOpenCL\MyOpenCL\Mocl.cpp(485,12): warning C4267:  '=': conversion from 'size_t' to 'int', possible loss of data
D:\GitHub\MyOpenCL\Visual studio 2019 project\MyOpenCL\MyOpenCL\Mocl.cpp(486,17): warning C4267:  '=': conversion from 'size_t' to 'int', possible loss of data
D:\GitHub\MyOpenCL\Visual studio 2019 project\MyOpenCL\MyOpenCL\Mocl.cpp(580,12): warning C4267:  '=': conversion from 'size_t' to 'int', possible loss of data
D:\GitHub\MyOpenCL\Visual studio 2019 project\MyOpenCL\MyOpenCL\Mocl.cpp(581,17): warning C4267:  '=': conversion from 'size_t' to 'int', possible loss of data
D:\GitHub\MyOpenCL\Visual studio 2019 project\MyOpenCL\MyOpenCL\Mocl.cpp(668,72): warning C4267:  'argument': conversion from 'size_t' to 'int', possible loss of data
D:\GitHub\MyOpenCL\Visual studio 2019 project\MyOpenCL\MyOpenCL\Mocl.cpp(674,78): warning C4267:  'argument': conversion from 'size_t' to 'int', possible loss of data
D:\GitHub\MyOpenCL\Visual studio 2019 project\MyOpenCL\MyOpenCL\Mocl.cpp(675,78): warning C4267:  'argument': conversion from 'size_t' to 'int', possible loss of data
D:\GitHub\MyOpenCL\Visual studio 2019 project\MyOpenCL\MyOpenCL\Mocl.cpp(681,78): warning C4267:  'argument': conversion from 'size_t' to 'int', possible loss of data
D:\GitHub\MyOpenCL\Visual studio 2019 project\MyOpenCL\MyOpenCL\Mocl.cpp(682,78): warning C4267:  'argument': conversion from 'size_t' to 'int', possible loss of data
D:\GitHub\MyOpenCL\Visual studio 2019 project\MyOpenCL\MyOpenCL\Mocl.cpp(683,78): warning C4267:  'argument': conversion from 'size_t' to 'int', possible loss of data
  MyOpenCL.vcxproj -> D:\GitHub\MyOpenCL\Visual studio 2019 project\x64\Debug\MyOpenCL.exe
